[ 2017-05-06T20:44:04+08:00 ] ::1 /blog/index.php/Home/Index/index
INFO: [ app_init ] --START--
INFO: Run Behavior\BuildLiteBehavior [ RunTime:0.000028s ]
INFO: [ app_init ] --END-- [ RunTime:0.001666s ]
INFO: [ app_begin ] --START--
INFO: Run Behavior\ReadHtmlCacheBehavior [ RunTime:0.001464s ]
INFO: [ app_begin ] --END-- [ RunTime:0.001580s ]
NOTIC: [8] Undefined index: id G:\wamp\www\blog\Application\Home\Controller\IndexController.class.php 第 7 行.
NOTIC: [8] Undefined index: id G:\wamp\www\blog\Application\Home\Controller\IndexController.class.php 第 9 行.
INFO: [ view_parse ] --START--
INFO: [ template_filter ] --START--
INFO: Run Behavior\ContentReplaceBehavior [ RunTime:0.000078s ]
INFO: [ template_filter ] --END-- [ RunTime:0.000188s ]
INFO: Run Behavior\ParseTemplateBehavior [ RunTime:0.063786s ]
INFO: [ view_parse ] --END-- [ RunTime:0.064060s ]
INFO: [ view_filter ] --START--
INFO: Run Behavior\WriteHtmlCacheBehavior [ RunTime:0.002699s ]
INFO: [ view_filter ] --END-- [ RunTime:0.002924s ]

[ 2017-05-06T20:44:07+08:00 ] ::1 /blog/index.php/Home/Login/login.html
INFO: [ app_init ] --START--
INFO: Run Behavior\BuildLiteBehavior [ RunTime:0.000060s ]
INFO: [ app_init ] --END-- [ RunTime:0.001096s ]
INFO: [ app_begin ] --START--
INFO: Run Behavior\ReadHtmlCacheBehavior [ RunTime:0.000892s ]
INFO: [ app_begin ] --END-- [ RunTime:0.001061s ]
INFO: [ view_parse ] --START--
INFO: [ template_filter ] --START--
INFO: Run Behavior\ContentReplaceBehavior [ RunTime:0.000093s ]
INFO: [ template_filter ] --END-- [ RunTime:0.000249s ]
INFO: Run Behavior\ParseTemplateBehavior [ RunTime:0.047791s ]
INFO: [ view_parse ] --END-- [ RunTime:0.048427s ]
INFO: [ view_filter ] --START--
INFO: Run Behavior\WriteHtmlCacheBehavior [ RunTime:0.001936s ]
INFO: [ view_filter ] --END-- [ RunTime:0.002150s ]
INFO: [ app_end ] --START--
INFO: Run Behavior\ShowPageTraceBehavior [ RunTime:0.060961s ]
INFO: [ app_end ] --END-- [ RunTime:0.061178s ]

[ 2017-05-06T20:44:08+08:00 ] ::1 /blog/index.php/Home/Public/Verify
INFO: [ app_init ] --START--
INFO: Run Behavior\BuildLiteBehavior [ RunTime:0.000026s ]
INFO: [ app_init ] --END-- [ RunTime:0.000524s ]
INFO: [ app_begin ] --START--
INFO: Run Behavior\ReadHtmlCacheBehavior [ RunTime:0.000879s ]
INFO: [ app_begin ] --END-- [ RunTime:0.001003s ]
INFO: [ app_end ] --START--
INFO: Run Behavior\ShowPageTraceBehavior [ RunTime:0.001351s ]
INFO: [ app_end ] --END-- [ RunTime:0.001566s ]

[ 2017-05-06T20:44:16+08:00 ] ::1 /blog/index.php/Home/Login/dologin
INFO: [ app_init ] --START--
INFO: Run Behavior\BuildLiteBehavior [ RunTime:0.000028s ]
INFO: [ app_init ] --END-- [ RunTime:0.000618s ]
INFO: [ app_begin ] --START--
INFO: Run Behavior\ReadHtmlCacheBehavior [ RunTime:0.001038s ]
INFO: [ app_begin ] --END-- [ RunTime:0.001191s ]
NOTIC: [8] Undefined index: model G:\wamp\www\blog\Application\Home\Controller\LoginController.class.php 第 13 行.
SQL: SHOW COLUMNS FROM `thinkphp_user` [ RunTime:0.0065s ]
SQL: SELECT * FROM `thinkphp_user` WHERE `username` = 'admin' AND `password` = '123' LIMIT 1   [ RunTime:0.0012s ]
SQL: UPDATE `thinkphp_user` SET `username`='admin',`password`='123',`sex`='1',`age`=NULL,`birthday`='0',`pic`='/blog/Public/Image/first-head.png',`mail`=NULL,`phonenum`=NULL,`desc`='这个人很懒。什么都没留下...',`sign`='这家伙没留下什么信息...',`online`='1',`reg_time`='' WHERE `id` = 3 [ RunTime:0.6674s ]
INFO: [ view_parse ] --START--
INFO: [ template_filter ] --START--
INFO: Run Behavior\ContentReplaceBehavior [ RunTime:0.000153s ]
INFO: [ template_filter ] --END-- [ RunTime:0.000408s ]
INFO: Run Behavior\ParseTemplateBehavior [ RunTime:0.025600s ]
INFO: [ view_parse ] --END-- [ RunTime:0.025915s ]
INFO: [ view_filter ] --START--
INFO: Run Behavior\WriteHtmlCacheBehavior [ RunTime:0.001929s ]
INFO: [ view_filter ] --END-- [ RunTime:0.002164s ]
INFO: [ app_end ] --START--
INFO: Run Behavior\ShowPageTraceBehavior [ RunTime:0.002228s ]
INFO: [ app_end ] --END-- [ RunTime:0.002460s ]

[ 2017-05-06T20:44:19+08:00 ] ::1 /blog/index.php/Home/Index/index.html
INFO: [ app_init ] --START--
INFO: Run Behavior\BuildLiteBehavior [ RunTime:0.000024s ]
INFO: [ app_init ] --END-- [ RunTime:0.000484s ]
INFO: [ app_begin ] --START--
INFO: Run Behavior\ReadHtmlCacheBehavior [ RunTime:0.000916s ]
INFO: [ app_begin ] --END-- [ RunTime:0.001085s ]
NOTIC: [8] Undefined index: id G:\wamp\www\blog\Application\Home\Controller\IndexController.class.php 第 7 行.
SQL: SHOW COLUMNS FROM `thinkphp_article` [ RunTime:0.0158s ]
SQL: SELECT COUNT(*) AS tp_count FROM `thinkphp_article` WHERE ( author_id=3 ) LIMIT 1   [ RunTime:0.0017s ]
SQL: SELECT * FROM `thinkphp_article` WHERE ( author_id=3 ) ORDER BY release_time desc LIMIT 0,5   [ RunTime:0.0804s ]
SQL: SHOW COLUMNS FROM `thinkphp_user` [ RunTime:0.0096s ]
SQL: SELECT * FROM `thinkphp_user` WHERE ( id=3 ) LIMIT 1   [ RunTime:0.0011s ]
NOTIC: [2] Invalid argument supplied for foreach() G:\wamp\www\blog\ThinkPHP\Library\Think\Db\Driver.class.php 第 504 行.
SQL: SELECT * FROM `thinkphp_article` ORDER BY release_time desc LIMIT 10   [ RunTime:0.1423s ]
INFO: [ view_parse ] --START--
INFO: [ template_filter ] --START--
INFO: Run Behavior\ContentReplaceBehavior [ RunTime:0.000275s ]
INFO: [ template_filter ] --END-- [ RunTime:0.000550s ]
INFO: Run Behavior\ParseTemplateBehavior [ RunTime:0.335204s ]
INFO: [ view_parse ] --END-- [ RunTime:0.335376s ]
INFO: [ view_filter ] --START--
INFO: Run Behavior\WriteHtmlCacheBehavior [ RunTime:0.001991s ]
INFO: [ view_filter ] --END-- [ RunTime:0.002616s ]
INFO: [ app_end ] --START--
INFO: Run Behavior\ShowPageTraceBehavior [ RunTime:0.001317s ]
INFO: [ app_end ] --END-- [ RunTime:0.001478s ]

[ 2017-05-06T20:44:19+08:00 ] ::1 /blog/index.php/Home/Public/Verify
INFO: [ app_init ] --START--
INFO: Run Behavior\BuildLiteBehavior [ RunTime:0.000031s ]
INFO: [ app_init ] --END-- [ RunTime:0.000636s ]
INFO: [ app_begin ] --START--
INFO: Run Behavior\ReadHtmlCacheBehavior [ RunTime:0.000862s ]
INFO: [ app_begin ] --END-- [ RunTime:0.000976s ]
INFO: [ app_end ] --START--
INFO: Run Behavior\ShowPageTraceBehavior [ RunTime:0.001201s ]
INFO: [ app_end ] --END-- [ RunTime:0.001393s ]

[ 2017-05-06T20:44:19+08:00 ] ::1 /blog/index.php/Home/Common/common
INFO: [ app_init ] --START--
INFO: Run Behavior\BuildLiteBehavior [ RunTime:0.000029s ]
INFO: [ app_init ] --END-- [ RunTime:0.000555s ]
INFO: [ app_begin ] --START--
INFO: Run Behavior\ReadHtmlCacheBehavior [ RunTime:0.001160s ]
INFO: [ app_begin ] --END-- [ RunTime:0.001313s ]

[ 2017-05-06T20:45:02+08:00 ] ::1 /blog/index.php/Home/Userinfo/userinfo
INFO: [ app_init ] --START--
INFO: Run Behavior\BuildLiteBehavior [ RunTime:0.000029s ]
INFO: [ app_init ] --END-- [ RunTime:0.000517s ]
INFO: [ app_begin ] --START--
INFO: Run Behavior\ReadHtmlCacheBehavior [ RunTime:0.000892s ]
INFO: [ app_begin ] --END-- [ RunTime:0.001011s ]
SQL: SHOW COLUMNS FROM `thinkphp_user` [ RunTime:0.0159s ]
SQL: SELECT * FROM `thinkphp_user` WHERE ( id=3 ) LIMIT 1   [ RunTime:0.0019s ]
INFO: [ view_parse ] --START--
INFO: [ template_filter ] --START--
INFO: Run Behavior\ContentReplaceBehavior [ RunTime:0.000278s ]
INFO: [ template_filter ] --END-- [ RunTime:0.000536s ]
INFO: Run Behavior\ParseTemplateBehavior [ RunTime:0.245459s ]
INFO: [ view_parse ] --END-- [ RunTime:0.245746s ]
INFO: [ view_filter ] --START--
INFO: Run Behavior\WriteHtmlCacheBehavior [ RunTime:0.002185s ]
INFO: [ view_filter ] --END-- [ RunTime:0.002461s ]
INFO: [ app_end ] --START--
INFO: Run Behavior\ShowPageTraceBehavior [ RunTime:0.002109s ]
INFO: [ app_end ] --END-- [ RunTime:0.002359s ]

[ 2017-05-06T20:45:02+08:00 ] ::1 /blog/index.php/Home/Public/Verify
INFO: [ app_init ] --START--
INFO: Run Behavior\BuildLiteBehavior [ RunTime:0.000055s ]
INFO: [ app_init ] --END-- [ RunTime:0.000688s ]
INFO: [ app_begin ] --START--
INFO: Run Behavior\ReadHtmlCacheBehavior [ RunTime:0.000600s ]
INFO: [ app_begin ] --END-- [ RunTime:0.000747s ]
INFO: [ app_end ] --START--
INFO: Run Behavior\ShowPageTraceBehavior [ RunTime:0.000996s ]
INFO: [ app_end ] --END-- [ RunTime:0.001147s ]

[ 2017-05-06T20:45:02+08:00 ] ::1 /blog/index.php/Home/Common/common
INFO: [ app_init ] --START--
INFO: Run Behavior\BuildLiteBehavior [ RunTime:0.000046s ]
INFO: [ app_init ] --END-- [ RunTime:0.000927s ]
INFO: [ app_begin ] --START--
INFO: Run Behavior\ReadHtmlCacheBehavior [ RunTime:0.008240s ]
INFO: [ app_begin ] --END-- [ RunTime:0.008423s ]

[ 2017-05-06T20:45:04+08:00 ] ::1 /blog/index.php/Home/Message/Have_new
INFO: [ app_init ] --START--
INFO: Run Behavior\BuildLiteBehavior [ RunTime:0.000036s ]
INFO: [ app_init ] --END-- [ RunTime:0.000767s ]
INFO: [ app_begin ] --START--
INFO: Run Behavior\ReadHtmlCacheBehavior [ RunTime:0.001156s ]
INFO: [ app_begin ] --END-- [ RunTime:0.001354s ]
SQL: SHOW COLUMNS FROM `thinkphp_addfriend` [ RunTime:0.3956s ]
SQL: SHOW COLUMNS FROM `thinkphp_user` [ RunTime:0.0095s ]
SQL: SELECT addfriend.id AS id,addfriend.send_id AS send_id,addfriend.receive_id AS receive_id,addfriend.state AS state,user.username AS username,user.pic AS pic FROM thinkphp_addfriend addfriend LEFT JOIN thinkphp_user user ON addfriend.send_id=user.id WHERE addfriend.receive_id = '3' AND addfriend.state = '0' LIMIT 1   [ RunTime:0.0013s ]

[ 2017-05-06T20:45:06+08:00 ] ::1 /blog/index.php/Home/Favorite/favorite
INFO: [ app_init ] --START--
INFO: Run Behavior\BuildLiteBehavior [ RunTime:0.000026s ]
INFO: [ app_init ] --END-- [ RunTime:0.000763s ]
INFO: [ app_begin ] --START--
INFO: Run Behavior\ReadHtmlCacheBehavior [ RunTime:0.002597s ]
INFO: [ app_begin ] --END-- [ RunTime:0.002822s ]
SQL: SHOW COLUMNS FROM `thinkphp_favorite` [ RunTime:0.0189s ]
SQL: SHOW COLUMNS FROM `thinkphp_user` [ RunTime:0.0088s ]
SQL: SELECT COUNT(*) AS tp_count FROM thinkphp_favorite favorite LEFT JOIN thinkphp_user user ON favorite.lid=user.id WHERE favorite.uid = '3' LIMIT 1   [ RunTime:0.0006s ]
SQL: SELECT favorite.id AS id,favorite.uid AS uid,user.id AS targetid,user.username AS username,user.age AS age,user.birthday AS birthday,user.sex AS sex,user.pic AS pic,user.mail AS mail,user.phonenum AS phonenum,user.desc AS userdesc,user.sign AS sign FROM thinkphp_favorite favorite LEFT JOIN thinkphp_user user ON favorite.lid=user.id WHERE favorite.uid = '3' ORDER BY favorite.id desc LIMIT 0,6   [ RunTime:0.0017s ]
INFO: [ view_parse ] --START--
INFO: [ template_filter ] --START--
INFO: Run Behavior\ContentReplaceBehavior [ RunTime:0.000122s ]
INFO: [ template_filter ] --END-- [ RunTime:0.000267s ]
INFO: Run Behavior\ParseTemplateBehavior [ RunTime:0.100156s ]
INFO: [ view_parse ] --END-- [ RunTime:0.100314s ]
INFO: [ view_filter ] --START--
INFO: Run Behavior\WriteHtmlCacheBehavior [ RunTime:0.000764s ]
INFO: [ view_filter ] --END-- [ RunTime:0.000886s ]
INFO: [ app_end ] --START--
INFO: Run Behavior\ShowPageTraceBehavior [ RunTime:0.001065s ]
INFO: [ app_end ] --END-- [ RunTime:0.001189s ]

[ 2017-05-06T20:45:06+08:00 ] ::1 /blog/index.php/Home/Public/Verify
INFO: [ app_init ] --START--
INFO: Run Behavior\BuildLiteBehavior [ RunTime:0.000026s ]
INFO: [ app_init ] --END-- [ RunTime:0.000592s ]
INFO: [ app_begin ] --START--
INFO: Run Behavior\ReadHtmlCacheBehavior [ RunTime:0.000952s ]
INFO: [ app_begin ] --END-- [ RunTime:0.001102s ]
INFO: [ app_end ] --START--
INFO: Run Behavior\ShowPageTraceBehavior [ RunTime:0.001171s ]
INFO: [ app_end ] --END-- [ RunTime:0.001352s ]

[ 2017-05-06T20:45:06+08:00 ] ::1 /blog/index.php/Home/Common/common
INFO: [ app_init ] --START--
INFO: Run Behavior\BuildLiteBehavior [ RunTime:0.000026s ]
INFO: [ app_init ] --END-- [ RunTime:0.000552s ]
INFO: [ app_begin ] --START--
INFO: Run Behavior\ReadHtmlCacheBehavior [ RunTime:0.001260s ]
INFO: [ app_begin ] --END-- [ RunTime:0.001457s ]

[ 2017-05-06T20:45:07+08:00 ] ::1 /blog/index.php/Home/Message/Have_new
INFO: [ app_init ] --START--
INFO: Run Behavior\BuildLiteBehavior [ RunTime:0.000072s ]
INFO: [ app_init ] --END-- [ RunTime:0.001602s ]
INFO: [ app_begin ] --START--
INFO: Run Behavior\ReadHtmlCacheBehavior [ RunTime:0.001286s ]
INFO: [ app_begin ] --END-- [ RunTime:0.001510s ]
SQL: SHOW COLUMNS FROM `thinkphp_addfriend` [ RunTime:0.0101s ]
SQL: SHOW COLUMNS FROM `thinkphp_user` [ RunTime:0.0121s ]
SQL: SELECT addfriend.id AS id,addfriend.send_id AS send_id,addfriend.receive_id AS receive_id,addfriend.state AS state,user.username AS username,user.pic AS pic FROM thinkphp_addfriend addfriend LEFT JOIN thinkphp_user user ON addfriend.send_id=user.id WHERE addfriend.receive_id = '3' AND addfriend.state = '0' LIMIT 1   [ RunTime:0.0010s ]

[ 2017-05-06T20:45:23+08:00 ] ::1 /blog/index.php/Home/Mycomment/mycomment
INFO: [ app_init ] --START--
INFO: Run Behavior\BuildLiteBehavior [ RunTime:0.000025s ]
INFO: [ app_init ] --END-- [ RunTime:0.000553s ]
INFO: [ app_begin ] --START--
INFO: Run Behavior\ReadHtmlCacheBehavior [ RunTime:0.000936s ]
INFO: [ app_begin ] --END-- [ RunTime:0.001069s ]
SQL: SHOW COLUMNS FROM `thinkphp_comment` [ RunTime:0.0147s ]
SQL: SHOW COLUMNS FROM `thinkphp_user` [ RunTime:0.0162s ]
SQL: SELECT COUNT(*) AS tp_count FROM thinkphp_comment comment LEFT JOIN thinkphp_user user ON comment.from_uid=user.id WHERE ( from_uid=3 ) LIMIT 1   [ RunTime:0.0024s ]
SQL: SELECT comment.id AS cmt_id,comment.article_id AS article_id,comment.content AS cmt_content,comment.time AS time,user.id AS id,user.username AS username,user.pic AS pic FROM thinkphp_comment comment LEFT JOIN thinkphp_user user ON comment.from_uid=user.id WHERE ( from_uid=3 ) ORDER BY comment.time desc LIMIT 0,5   [ RunTime:0.0014s ]
SQL: SHOW COLUMNS FROM `thinkphp_reply` [ RunTime:0.0081s ]
SQL: SELECT COUNT(*) AS tp_count FROM thinkphp_reply reply LEFT JOIN thinkphp_user user ON user.id=reply.from_uid LEFT JOIN thinkphp_user user1 ON user1.id=reply.to_uid WHERE ( from_uid=3 ) LIMIT 1   [ RunTime:0.0015s ]
SQL: SELECT reply.id AS id,reply.comment_id AS comment_id,reply.reply_id AS reply_id,reply.reply_type AS reply_type,reply.content AS content,reply.from_uid AS from_uid,reply.to_uid AS to_uid,reply.time AS time,user.username AS replyname,user.pic AS reply_pic,user1.username AS be_replyname,user1.pic AS be_replypic FROM thinkphp_reply reply LEFT JOIN thinkphp_user user ON user.id=reply.from_uid LEFT JOIN thinkphp_user user1 ON user1.id=reply.to_uid WHERE ( from_uid=3 ) ORDER BY reply.time desc LIMIT 0,5   [ RunTime:0.0012s ]
INFO: [ view_parse ] --START--
INFO: [ template_filter ] --START--
INFO: Run Behavior\ContentReplaceBehavior [ RunTime:0.000124s ]
INFO: [ template_filter ] --END-- [ RunTime:0.000262s ]
INFO: Run Behavior\ParseTemplateBehavior [ RunTime:0.071587s ]
INFO: [ view_parse ] --END-- [ RunTime:0.071781s ]
INFO: [ view_filter ] --START--
INFO: Run Behavior\WriteHtmlCacheBehavior [ RunTime:0.000711s ]
INFO: [ view_filter ] --END-- [ RunTime:0.000830s ]
INFO: [ app_end ] --START--
INFO: Run Behavior\ShowPageTraceBehavior [ RunTime:0.000966s ]
INFO: [ app_end ] --END-- [ RunTime:0.001084s ]

[ 2017-05-06T20:45:23+08:00 ] ::1 /blog/index.php/Home/Public/Verify
INFO: [ app_init ] --START--
INFO: Run Behavior\BuildLiteBehavior [ RunTime:0.000025s ]
INFO: [ app_init ] --END-- [ RunTime:0.000544s ]
INFO: [ app_begin ] --START--
INFO: Run Behavior\ReadHtmlCacheBehavior [ RunTime:0.000897s ]
INFO: [ app_begin ] --END-- [ RunTime:0.001099s ]
INFO: [ app_end ] --START--
INFO: Run Behavior\ShowPageTraceBehavior [ RunTime:0.000987s ]
INFO: [ app_end ] --END-- [ RunTime:0.001128s ]

[ 2017-05-06T20:45:24+08:00 ] ::1 /blog/index.php/Home/Common/common
INFO: [ app_init ] --START--
INFO: Run Behavior\BuildLiteBehavior [ RunTime:0.000039s ]
INFO: [ app_init ] --END-- [ RunTime:0.000794s ]
INFO: [ app_begin ] --START--
INFO: Run Behavior\ReadHtmlCacheBehavior [ RunTime:0.001415s ]
INFO: [ app_begin ] --END-- [ RunTime:0.001608s ]

[ 2017-05-06T20:45:25+08:00 ] ::1 /blog/index.php/Home/Message/Have_new
INFO: [ app_init ] --START--
INFO: Run Behavior\BuildLiteBehavior [ RunTime:0.000046s ]
INFO: [ app_init ] --END-- [ RunTime:0.000885s ]
INFO: [ app_begin ] --START--
INFO: Run Behavior\ReadHtmlCacheBehavior [ RunTime:0.000809s ]
INFO: [ app_begin ] --END-- [ RunTime:0.000953s ]
SQL: SHOW COLUMNS FROM `thinkphp_addfriend` [ RunTime:0.0060s ]
SQL: SHOW COLUMNS FROM `thinkphp_user` [ RunTime:0.0073s ]
SQL: SELECT addfriend.id AS id,addfriend.send_id AS send_id,addfriend.receive_id AS receive_id,addfriend.state AS state,user.username AS username,user.pic AS pic FROM thinkphp_addfriend addfriend LEFT JOIN thinkphp_user user ON addfriend.send_id=user.id WHERE addfriend.receive_id = '3' AND addfriend.state = '0' LIMIT 1   [ RunTime:0.0015s ]

[ 2017-05-06T20:46:08+08:00 ] ::1 /blog/index.php/Home/Login/logout
INFO: [ app_init ] --START--
INFO: Run Behavior\BuildLiteBehavior [ RunTime:0.000022s ]
INFO: [ app_init ] --END-- [ RunTime:0.000448s ]
INFO: [ app_begin ] --START--
INFO: Run Behavior\ReadHtmlCacheBehavior [ RunTime:0.000756s ]
INFO: [ app_begin ] --END-- [ RunTime:0.000839s ]
SQL: SHOW COLUMNS FROM `thinkphp_user` [ RunTime:0.0061s ]
SQL: SELECT * FROM `thinkphp_user` WHERE `id` = 3 LIMIT 1   [ RunTime:0.0007s ]
SQL: UPDATE `thinkphp_user` SET `username`='admin',`password`='123',`sex`='1',`age`=NULL,`birthday`='0',`pic`='/blog/Public/Image/first-head.png',`mail`=NULL,`phonenum`=NULL,`desc`='这个人很懒。什么都没留下...',`sign`='这家伙没留下什么信息...',`online`='0',`reg_time`='' WHERE `id` = 3 [ RunTime:0.2049s ]

[ 2017-05-06T20:46:08+08:00 ] ::1 /blog/index.php/Home/Mycomment/mycomment
INFO: [ app_init ] --START--
INFO: Run Behavior\BuildLiteBehavior [ RunTime:0.000024s ]
INFO: [ app_init ] --END-- [ RunTime:0.000479s ]
INFO: [ app_begin ] --START--
INFO: Run Behavior\ReadHtmlCacheBehavior [ RunTime:0.000738s ]
INFO: [ app_begin ] --END-- [ RunTime:0.000837s ]
INFO: [ view_parse ] --START--
INFO: [ template_filter ] --START--
INFO: Run Behavior\ContentReplaceBehavior [ RunTime:0.000119s ]
INFO: [ template_filter ] --END-- [ RunTime:0.000262s ]
INFO: Run Behavior\ParseTemplateBehavior [ RunTime:0.009378s ]
INFO: [ view_parse ] --END-- [ RunTime:0.009506s ]
INFO: [ view_filter ] --START--
INFO: Run Behavior\WriteHtmlCacheBehavior [ RunTime:0.000584s ]
INFO: [ view_filter ] --END-- [ RunTime:0.000676s ]

[ 2017-05-06T20:46:11+08:00 ] ::1 /blog/index.php/Home/Login/login.html
INFO: [ app_init ] --START--
INFO: Run Behavior\BuildLiteBehavior [ RunTime:0.000025s ]
INFO: [ app_init ] --END-- [ RunTime:0.000545s ]
INFO: [ app_begin ] --START--
INFO: Run Behavior\ReadHtmlCacheBehavior [ RunTime:0.000817s ]
INFO: [ app_begin ] --END-- [ RunTime:0.000925s ]
INFO: [ view_parse ] --START--
INFO: [ template_filter ] --START--
INFO: Run Behavior\ContentReplaceBehavior [ RunTime:0.000078s ]
INFO: [ template_filter ] --END-- [ RunTime:0.000211s ]
INFO: Run Behavior\ParseTemplateBehavior [ RunTime:0.009838s ]
INFO: [ view_parse ] --END-- [ RunTime:0.009998s ]
INFO: [ view_filter ] --START--
INFO: Run Behavior\WriteHtmlCacheBehavior [ RunTime:0.000652s ]
INFO: [ view_filter ] --END-- [ RunTime:0.000756s ]
INFO: [ app_end ] --START--
INFO: Run Behavior\ShowPageTraceBehavior [ RunTime:0.000783s ]
INFO: [ app_end ] --END-- [ RunTime:0.000878s ]

[ 2017-05-06T20:46:11+08:00 ] ::1 /blog/index.php/Home/Public/Verify
INFO: [ app_init ] --START--
INFO: Run Behavior\BuildLiteBehavior [ RunTime:0.000037s ]
INFO: [ app_init ] --END-- [ RunTime:0.000759s ]
INFO: [ app_begin ] --START--
INFO: Run Behavior\ReadHtmlCacheBehavior [ RunTime:0.001343s ]
INFO: [ app_begin ] --END-- [ RunTime:0.001533s ]
INFO: [ app_end ] --START--
INFO: Run Behavior\ShowPageTraceBehavior [ RunTime:0.001212s ]
INFO: [ app_end ] --END-- [ RunTime:0.001397s ]

[ 2017-05-06T20:46:27+08:00 ] ::1 /blog/index.php/Home/Login/dologin
INFO: [ app_init ] --START--
INFO: Run Behavior\BuildLiteBehavior [ RunTime:0.000023s ]
INFO: [ app_init ] --END-- [ RunTime:0.000487s ]
INFO: [ app_begin ] --START--
INFO: Run Behavior\ReadHtmlCacheBehavior [ RunTime:0.000743s ]
INFO: [ app_begin ] --END-- [ RunTime:0.000846s ]
NOTIC: [8] Undefined index: model G:\wamp\www\blog\Application\Home\Controller\LoginController.class.php 第 13 行.
SQL: SHOW COLUMNS FROM `thinkphp_user` [ RunTime:0.0073s ]
SQL: SELECT * FROM `thinkphp_user` WHERE `username` = 'Chalotte' AND `password` = '123123' LIMIT 1   [ RunTime:0.0008s ]
SQL: UPDATE `thinkphp_user` SET `username`='Chalotte',`password`='123123',`sex`='0',`age`=NULL,`birthday`='0',`pic`='/blog/Public/Image/Pic/Charlotte/2017-04-25/58ff7223ea04a.jpg',`mail`=NULL,`phonenum`=NULL,`desc`='这个人很懒。什么都没留下...',`sign`='这家伙没留下什么信息...',`online`='1',`reg_time`='' WHERE `id` = 2 [ RunTime:0.2254s ]
INFO: [ view_parse ] --START--
INFO: [ template_filter ] --START--
INFO: Run Behavior\ContentReplaceBehavior [ RunTime:0.000168s ]
INFO: [ template_filter ] --END-- [ RunTime:0.000451s ]
INFO: Run Behavior\ParseTemplateBehavior [ RunTime:0.021663s ]
INFO: [ view_parse ] --END-- [ RunTime:0.022035s ]
INFO: [ view_filter ] --START--
INFO: Run Behavior\WriteHtmlCacheBehavior [ RunTime:0.001318s ]
INFO: [ view_filter ] --END-- [ RunTime:0.001539s ]
INFO: [ app_end ] --START--
INFO: Run Behavior\ShowPageTraceBehavior [ RunTime:0.001856s ]
INFO: [ app_end ] --END-- [ RunTime:0.002093s ]

[ 2017-05-06T20:46:29+08:00 ] ::1 /blog/index.php/Home/Index/index.html
INFO: [ app_init ] --START--
INFO: Run Behavior\BuildLiteBehavior [ RunTime:0.000032s ]
INFO: [ app_init ] --END-- [ RunTime:0.000697s ]
INFO: [ app_begin ] --START--
INFO: Run Behavior\ReadHtmlCacheBehavior [ RunTime:0.001055s ]
INFO: [ app_begin ] --END-- [ RunTime:0.001204s ]
NOTIC: [8] Undefined index: id G:\wamp\www\blog\Application\Home\Controller\IndexController.class.php 第 7 行.
SQL: SHOW COLUMNS FROM `thinkphp_article` [ RunTime:0.0117s ]
SQL: SELECT COUNT(*) AS tp_count FROM `thinkphp_article` WHERE ( author_id=2 ) LIMIT 1   [ RunTime:0.0014s ]
SQL: SELECT * FROM `thinkphp_article` WHERE ( author_id=2 ) ORDER BY release_time desc LIMIT 0,5   [ RunTime:0.0024s ]
SQL: SHOW COLUMNS FROM `thinkphp_user` [ RunTime:0.0079s ]
SQL: SELECT * FROM `thinkphp_user` WHERE ( id=2 ) LIMIT 1   [ RunTime:0.0023s ]
NOTIC: [2] Invalid argument supplied for foreach() G:\wamp\www\blog\ThinkPHP\Library\Think\Db\Driver.class.php 第 504 行.
SQL: SELECT * FROM `thinkphp_article` ORDER BY release_time desc LIMIT 10   [ RunTime:0.0083s ]
INFO: [ view_parse ] --START--
INFO: [ template_filter ] --START--
INFO: Run Behavior\ContentReplaceBehavior [ RunTime:0.000111s ]
INFO: [ template_filter ] --END-- [ RunTime:0.000214s ]
INFO: Run Behavior\ParseTemplateBehavior [ RunTime:0.014977s ]
INFO: [ view_parse ] --END-- [ RunTime:0.015102s ]
INFO: [ view_filter ] --START--
INFO: Run Behavior\WriteHtmlCacheBehavior [ RunTime:0.000601s ]
INFO: [ view_filter ] --END-- [ RunTime:0.000697s ]
INFO: [ app_end ] --START--
INFO: Run Behavior\ShowPageTraceBehavior [ RunTime:0.000783s ]
INFO: [ app_end ] --END-- [ RunTime:0.000876s ]

[ 2017-05-06T20:46:29+08:00 ] ::1 /blog/index.php/Home/Public/Verify
INFO: [ app_init ] --START--
INFO: Run Behavior\BuildLiteBehavior [ RunTime:0.000044s ]
INFO: [ app_init ] --END-- [ RunTime:0.000705s ]
INFO: [ app_begin ] --START--
INFO: Run Behavior\ReadHtmlCacheBehavior [ RunTime:0.000809s ]
INFO: [ app_begin ] --END-- [ RunTime:0.000922s ]
INFO: [ app_end ] --START--
INFO: Run Behavior\ShowPageTraceBehavior [ RunTime:0.000814s ]
INFO: [ app_end ] --END-- [ RunTime:0.000933s ]

[ 2017-05-06T20:46:29+08:00 ] ::1 /blog/index.php/Home/Index/__PUBLIC__/Image/text02.jpg
INFO: [ app_init ] --START--
INFO: Run Behavior\BuildLiteBehavior [ RunTime:0.000043s ]
INFO: [ app_init ] --END-- [ RunTime:0.000816s ]

[ 2017-05-06T20:46:29+08:00 ] ::1 /blog/index.php/Home/Common/common
INFO: [ app_init ] --START--
INFO: Run Behavior\BuildLiteBehavior [ RunTime:0.000040s ]
INFO: [ app_init ] --END-- [ RunTime:0.000700s ]
INFO: [ app_begin ] --START--
INFO: Run Behavior\ReadHtmlCacheBehavior [ RunTime:0.001001s ]
INFO: [ app_begin ] --END-- [ RunTime:0.001149s ]

[ 2017-05-06T20:46:33+08:00 ] ::1 /blog/index.php/Home/Userinfo/userinfo
INFO: [ app_init ] --START--
INFO: Run Behavior\BuildLiteBehavior [ RunTime:0.000047s ]
INFO: [ app_init ] --END-- [ RunTime:0.000899s ]
INFO: [ app_begin ] --START--
INFO: Run Behavior\ReadHtmlCacheBehavior [ RunTime:0.001315s ]
INFO: [ app_begin ] --END-- [ RunTime:0.001531s ]
SQL: SHOW COLUMNS FROM `thinkphp_user` [ RunTime:0.0153s ]
SQL: SELECT * FROM `thinkphp_user` WHERE ( id=2 ) LIMIT 1   [ RunTime:0.0024s ]
INFO: [ view_parse ] --START--
INFO: [ template_filter ] --START--
INFO: Run Behavior\ContentReplaceBehavior [ RunTime:0.000187s ]
INFO: [ template_filter ] --END-- [ RunTime:0.000353s ]
INFO: Run Behavior\ParseTemplateBehavior [ RunTime:0.192509s ]
INFO: [ view_parse ] --END-- [ RunTime:0.192844s ]
INFO: [ view_filter ] --START--
INFO: Run Behavior\WriteHtmlCacheBehavior [ RunTime:0.000923s ]
INFO: [ view_filter ] --END-- [ RunTime:0.001111s ]
INFO: [ app_end ] --START--
INFO: Run Behavior\ShowPageTraceBehavior [ RunTime:0.001682s ]
INFO: [ app_end ] --END-- [ RunTime:0.001887s ]

[ 2017-05-06T20:46:33+08:00 ] ::1 /blog/index.php/Home/Public/Verify
INFO: [ app_init ] --START--
INFO: Run Behavior\BuildLiteBehavior [ RunTime:0.000050s ]
INFO: [ app_init ] --END-- [ RunTime:0.000876s ]
INFO: [ app_begin ] --START--
INFO: Run Behavior\ReadHtmlCacheBehavior [ RunTime:0.001618s ]
INFO: [ app_begin ] --END-- [ RunTime:0.001847s ]
INFO: [ app_end ] --START--
INFO: Run Behavior\ShowPageTraceBehavior [ RunTime:0.002178s ]
INFO: [ app_end ] --END-- [ RunTime:0.002538s ]

[ 2017-05-06T20:46:33+08:00 ] ::1 /blog/index.php/Home/Common/common
INFO: [ app_init ] --START--
INFO: Run Behavior\BuildLiteBehavior [ RunTime:0.000043s ]
INFO: [ app_init ] --END-- [ RunTime:0.000879s ]
INFO: [ app_begin ] --START--
INFO: Run Behavior\ReadHtmlCacheBehavior [ RunTime:0.001320s ]
INFO: [ app_begin ] --END-- [ RunTime:0.001515s ]

[ 2017-05-06T20:46:34+08:00 ] ::1 /blog/index.php/Home/Message/Have_new
INFO: [ app_init ] --START--
INFO: Run Behavior\BuildLiteBehavior [ RunTime:0.000029s ]
INFO: [ app_init ] --END-- [ RunTime:0.000611s ]
INFO: [ app_begin ] --START--
INFO: Run Behavior\ReadHtmlCacheBehavior [ RunTime:0.001422s ]
INFO: [ app_begin ] --END-- [ RunTime:0.001595s ]
SQL: SHOW COLUMNS FROM `thinkphp_addfriend` [ RunTime:0.0072s ]
SQL: SHOW COLUMNS FROM `thinkphp_user` [ RunTime:0.0073s ]
SQL: SELECT addfriend.id AS id,addfriend.send_id AS send_id,addfriend.receive_id AS receive_id,addfriend.state AS state,user.username AS username,user.pic AS pic FROM thinkphp_addfriend addfriend LEFT JOIN thinkphp_user user ON addfriend.send_id=user.id WHERE addfriend.receive_id = '2' AND addfriend.state = '0' LIMIT 1   [ RunTime:0.0010s ]
SQL: SELECT addfriend.id AS id,addfriend.send_id AS send_id,addfriend.receive_id AS receive_id,addfriend.state AS state,user.username AS username,user.pic AS pic FROM thinkphp_addfriend addfriend LEFT JOIN thinkphp_user user ON addfriend.send_id=user.id WHERE addfriend.send_id = '2' AND addfriend.state <> '0' LIMIT 1   [ RunTime:0.0010s ]
SQL: SHOW COLUMNS FROM `thinkphp_favorite` [ RunTime:0.0077s ]
SQL: SHOW COLUMNS FROM `thinkphp_article` [ RunTime:0.0062s ]
SQL: SELECT favorite.id AS id,favorite.Lid AS Lid,favorite.is_update AS is_update,article.title AS title,user.username AS username,user.pic AS pic FROM thinkphp_favorite favorite LEFT JOIN thinkphp_article article ON favorite.article_id=article.id RIGHT JOIN thinkphp_user user ON article.author_id=user.id WHERE `uid` = '2' AND favorite.is_update = '1' LIMIT 1   [ RunTime:0.0009s ]

[ 2017-05-06T20:47:10+08:00 ] ::1 /blog/index.php/Home/Userinfo/upload
INFO: [ app_init ] --START--
INFO: Run Behavior\BuildLiteBehavior [ RunTime:0.000023s ]
INFO: [ app_init ] --END-- [ RunTime:0.000491s ]
INFO: [ app_begin ] --START--
INFO: Run Behavior\ReadHtmlCacheBehavior [ RunTime:0.001245s ]
INFO: [ app_begin ] --END-- [ RunTime:0.001418s ]
NOTIC: [2] call_user_func() expects parameter 1 to be a valid callback, no array or string given G:\wamp\www\blog\ThinkPHP\Library\Think\Upload.class.php 第 170 行.
SQL: SHOW COLUMNS FROM `thinkphp_user` [ RunTime:0.0057s ]
SQL: UPDATE `thinkphp_user` SET `pic`='/blog/Public/Image/Pic/Chalotte/2017-05-06/590dc5cd0aeb9.jpg' WHERE `id` = 2 [ RunTime:0.2238s ]
INFO: [ view_parse ] --START--
INFO: [ template_filter ] --START--
INFO: Run Behavior\ContentReplaceBehavior [ RunTime:0.000074s ]
INFO: [ template_filter ] --END-- [ RunTime:0.000179s ]
INFO: Run Behavior\ParseTemplateBehavior [ RunTime:0.008771s ]
INFO: [ view_parse ] --END-- [ RunTime:0.008936s ]
INFO: [ view_filter ] --START--
INFO: Run Behavior\WriteHtmlCacheBehavior [ RunTime:0.000736s ]
INFO: [ view_filter ] --END-- [ RunTime:0.000855s ]
INFO: [ app_end ] --START--
INFO: Run Behavior\ShowPageTraceBehavior [ RunTime:0.000767s ]
INFO: [ app_end ] --END-- [ RunTime:0.000860s ]

[ 2017-05-06T20:47:12+08:00 ] ::1 /blog/index.php/Home/Userinfo/userinfo
INFO: [ app_init ] --START--
INFO: Run Behavior\BuildLiteBehavior [ RunTime:0.000022s ]
INFO: [ app_init ] --END-- [ RunTime:0.000462s ]
INFO: [ app_begin ] --START--
INFO: Run Behavior\ReadHtmlCacheBehavior [ RunTime:0.000738s ]
INFO: [ app_begin ] --END-- [ RunTime:0.000836s ]
SQL: SHOW COLUMNS FROM `thinkphp_user` [ RunTime:0.0156s ]
SQL: SELECT * FROM `thinkphp_user` WHERE ( id=2 ) LIMIT 1   [ RunTime:0.0017s ]
INFO: [ view_parse ] --START--
INFO: [ template_filter ] --START--
INFO: Run Behavior\ContentReplaceBehavior [ RunTime:0.000145s ]
INFO: [ template_filter ] --END-- [ RunTime:0.000290s ]
INFO: Run Behavior\ParseTemplateBehavior [ RunTime:0.017152s ]
INFO: [ view_parse ] --END-- [ RunTime:0.017512s ]
INFO: [ view_filter ] --START--
INFO: Run Behavior\WriteHtmlCacheBehavior [ RunTime:0.000997s ]
INFO: [ view_filter ] --END-- [ RunTime:0.001166s ]
INFO: [ app_end ] --START--
INFO: Run Behavior\ShowPageTraceBehavior [ RunTime:0.001235s ]
INFO: [ app_end ] --END-- [ RunTime:0.001386s ]

[ 2017-05-06T20:47:13+08:00 ] ::1 /blog/index.php/Home/Public/Verify
INFO: [ app_init ] --START--
INFO: Run Behavior\BuildLiteBehavior [ RunTime:0.000025s ]
INFO: [ app_init ] --END-- [ RunTime:0.000637s ]
INFO: [ app_begin ] --START--
INFO: Run Behavior\ReadHtmlCacheBehavior [ RunTime:0.000806s ]
INFO: [ app_begin ] --END-- [ RunTime:0.000925s ]
INFO: [ app_end ] --START--
INFO: Run Behavior\ShowPageTraceBehavior [ RunTime:0.001229s ]
INFO: [ app_end ] --END-- [ RunTime:0.001463s ]

[ 2017-05-06T20:47:13+08:00 ] ::1 /blog/index.php/Home/Common/common
INFO: [ app_init ] --START--
INFO: Run Behavior\BuildLiteBehavior [ RunTime:0.000047s ]
INFO: [ app_init ] --END-- [ RunTime:0.000886s ]
INFO: [ app_begin ] --START--
INFO: Run Behavior\ReadHtmlCacheBehavior [ RunTime:0.001277s ]
INFO: [ app_begin ] --END-- [ RunTime:0.001519s ]

[ 2017-05-06T20:47:14+08:00 ] ::1 /blog/index.php/Home/Message/Have_new
INFO: [ app_init ] --START--
INFO: Run Behavior\BuildLiteBehavior [ RunTime:0.000028s ]
INFO: [ app_init ] --END-- [ RunTime:0.000643s ]
INFO: [ app_begin ] --START--
INFO: Run Behavior\ReadHtmlCacheBehavior [ RunTime:0.001108s ]
INFO: [ app_begin ] --END-- [ RunTime:0.001411s ]
SQL: SHOW COLUMNS FROM `thinkphp_addfriend` [ RunTime:0.0069s ]
SQL: SHOW COLUMNS FROM `thinkphp_user` [ RunTime:0.0089s ]
SQL: SELECT addfriend.id AS id,addfriend.send_id AS send_id,addfriend.receive_id AS receive_id,addfriend.state AS state,user.username AS username,user.pic AS pic FROM thinkphp_addfriend addfriend LEFT JOIN thinkphp_user user ON addfriend.send_id=user.id WHERE addfriend.receive_id = '2' AND addfriend.state = '0' LIMIT 1   [ RunTime:0.0010s ]
SQL: SELECT addfriend.id AS id,addfriend.send_id AS send_id,addfriend.receive_id AS receive_id,addfriend.state AS state,user.username AS username,user.pic AS pic FROM thinkphp_addfriend addfriend LEFT JOIN thinkphp_user user ON addfriend.send_id=user.id WHERE addfriend.send_id = '2' AND addfriend.state <> '0' LIMIT 1   [ RunTime:0.0013s ]
SQL: SHOW COLUMNS FROM `thinkphp_favorite` [ RunTime:0.0077s ]
SQL: SHOW COLUMNS FROM `thinkphp_article` [ RunTime:0.0080s ]
SQL: SELECT favorite.id AS id,favorite.Lid AS Lid,favorite.is_update AS is_update,article.title AS title,user.username AS username,user.pic AS pic FROM thinkphp_favorite favorite LEFT JOIN thinkphp_article article ON favorite.article_id=article.id RIGHT JOIN thinkphp_user user ON article.author_id=user.id WHERE `uid` = '2' AND favorite.is_update = '1' LIMIT 1   [ RunTime:0.0009s ]

[ 2017-05-06T20:47:23+08:00 ] ::1 /blog/index.php/Home/Favorite/favorite
INFO: [ app_init ] --START--
INFO: Run Behavior\BuildLiteBehavior [ RunTime:0.000023s ]
INFO: [ app_init ] --END-- [ RunTime:0.000429s ]
INFO: [ app_begin ] --START--
INFO: Run Behavior\ReadHtmlCacheBehavior [ RunTime:0.000714s ]
INFO: [ app_begin ] --END-- [ RunTime:0.000862s ]
SQL: SHOW COLUMNS FROM `thinkphp_favorite` [ RunTime:0.0104s ]
SQL: SHOW COLUMNS FROM `thinkphp_user` [ RunTime:0.0108s ]
SQL: SELECT COUNT(*) AS tp_count FROM thinkphp_favorite favorite LEFT JOIN thinkphp_user user ON favorite.lid=user.id WHERE favorite.uid = '2' LIMIT 1   [ RunTime:0.0011s ]
SQL: SELECT favorite.id AS id,favorite.uid AS uid,user.id AS targetid,user.username AS username,user.age AS age,user.birthday AS birthday,user.sex AS sex,user.pic AS pic,user.mail AS mail,user.phonenum AS phonenum,user.desc AS userdesc,user.sign AS sign FROM thinkphp_favorite favorite LEFT JOIN thinkphp_user user ON favorite.lid=user.id WHERE favorite.uid = '2' ORDER BY favorite.id desc LIMIT 0,6   [ RunTime:0.0012s ]
INFO: [ view_parse ] --START--
INFO: [ template_filter ] --START--
INFO: Run Behavior\ContentReplaceBehavior [ RunTime:0.000154s ]
INFO: [ template_filter ] --END-- [ RunTime:0.000354s ]
INFO: Run Behavior\ParseTemplateBehavior [ RunTime:0.027926s ]
INFO: [ view_parse ] --END-- [ RunTime:0.028135s ]
INFO: [ view_filter ] --START--
INFO: Run Behavior\WriteHtmlCacheBehavior [ RunTime:0.001028s ]
INFO: [ view_filter ] --END-- [ RunTime:0.001195s ]
INFO: [ app_end ] --START--
INFO: Run Behavior\ShowPageTraceBehavior [ RunTime:0.001059s ]
INFO: [ app_end ] --END-- [ RunTime:0.001234s ]

[ 2017-05-06T20:47:23+08:00 ] ::1 /blog/index.php/Home/Public/Verify
INFO: [ app_init ] --START--
INFO: Run Behavior\BuildLiteBehavior [ RunTime:0.000027s ]
INFO: [ app_init ] --END-- [ RunTime:0.000530s ]
INFO: [ app_begin ] --START--
INFO: Run Behavior\ReadHtmlCacheBehavior [ RunTime:0.000682s ]
INFO: [ app_begin ] --END-- [ RunTime:0.000823s ]
INFO: [ app_end ] --START--
INFO: Run Behavior\ShowPageTraceBehavior [ RunTime:0.000651s ]
INFO: [ app_end ] --END-- [ RunTime:0.000780s ]

[ 2017-05-06T20:47:23+08:00 ] ::1 /blog/index.php/Home/Common/common
INFO: [ app_init ] --START--
INFO: Run Behavior\BuildLiteBehavior [ RunTime:0.000038s ]
INFO: [ app_init ] --END-- [ RunTime:0.000625s ]
INFO: [ app_begin ] --START--
INFO: Run Behavior\ReadHtmlCacheBehavior [ RunTime:0.000973s ]
INFO: [ app_begin ] --END-- [ RunTime:0.001157s ]

[ 2017-05-06T20:47:24+08:00 ] ::1 /blog/index.php/Home/Message/Have_new
INFO: [ app_init ] --START--
INFO: Run Behavior\BuildLiteBehavior [ RunTime:0.000050s ]
INFO: [ app_init ] --END-- [ RunTime:0.000960s ]
INFO: [ app_begin ] --START--
INFO: Run Behavior\ReadHtmlCacheBehavior [ RunTime:0.001210s ]
INFO: [ app_begin ] --END-- [ RunTime:0.001385s ]
SQL: SHOW COLUMNS FROM `thinkphp_addfriend` [ RunTime:0.0058s ]
SQL: SHOW COLUMNS FROM `thinkphp_user` [ RunTime:0.0064s ]
SQL: SELECT addfriend.id AS id,addfriend.send_id AS send_id,addfriend.receive_id AS receive_id,addfriend.state AS state,user.username AS username,user.pic AS pic FROM thinkphp_addfriend addfriend LEFT JOIN thinkphp_user user ON addfriend.send_id=user.id WHERE addfriend.receive_id = '2' AND addfriend.state = '0' LIMIT 1   [ RunTime:0.0006s ]
SQL: SELECT addfriend.id AS id,addfriend.send_id AS send_id,addfriend.receive_id AS receive_id,addfriend.state AS state,user.username AS username,user.pic AS pic FROM thinkphp_addfriend addfriend LEFT JOIN thinkphp_user user ON addfriend.send_id=user.id WHERE addfriend.send_id = '2' AND addfriend.state <> '0' LIMIT 1   [ RunTime:0.0006s ]
SQL: SHOW COLUMNS FROM `thinkphp_favorite` [ RunTime:0.0058s ]
SQL: SHOW COLUMNS FROM `thinkphp_article` [ RunTime:0.0065s ]
SQL: SELECT favorite.id AS id,favorite.Lid AS Lid,favorite.is_update AS is_update,article.title AS title,user.username AS username,user.pic AS pic FROM thinkphp_favorite favorite LEFT JOIN thinkphp_article article ON favorite.article_id=article.id RIGHT JOIN thinkphp_user user ON article.author_id=user.id WHERE `uid` = '2' AND favorite.is_update = '1' LIMIT 1   [ RunTime:0.0006s ]

[ 2017-05-06T20:47:26+08:00 ] ::1 /blog/index.php/Home/Message/message
INFO: [ app_init ] --START--
INFO: Run Behavior\BuildLiteBehavior [ RunTime:0.000024s ]
INFO: [ app_init ] --END-- [ RunTime:0.000459s ]
INFO: [ app_begin ] --START--
INFO: Run Behavior\ReadHtmlCacheBehavior [ RunTime:0.000811s ]
INFO: [ app_begin ] --END-- [ RunTime:0.000963s ]
SQL: SHOW COLUMNS FROM `thinkphp_addfriend` [ RunTime:0.0051s ]
SQL: SHOW COLUMNS FROM `thinkphp_user` [ RunTime:0.0064s ]
SQL: SELECT addfriend.id AS id,addfriend.send_id AS send_id,addfriend.receive_id AS receive_id,addfriend.state AS state,user.username AS username,user.pic AS pic FROM thinkphp_addfriend addfriend LEFT JOIN thinkphp_user user ON addfriend.send_id=user.id WHERE addfriend.receive_id = '2' AND addfriend.state = '0'  [ RunTime:0.0007s ]
SQL: SELECT addfriend.id AS id,addfriend.send_id AS send_id,addfriend.receive_id AS receive_id,addfriend.state AS state,user.username AS username,user.pic AS pic FROM thinkphp_addfriend addfriend LEFT JOIN thinkphp_user user ON addfriend.receive_id=user.id WHERE ( send_id=2 AND state>0 )  [ RunTime:0.0007s ]
SQL: SHOW COLUMNS FROM `thinkphp_favorite` [ RunTime:0.0050s ]
SQL: SHOW COLUMNS FROM `thinkphp_article` [ RunTime:0.0058s ]
SQL: SELECT favorite.id AS id,favorite.Lid AS Lid,favorite.is_update AS is_update,article.title AS title,user.username AS username,user.pic AS pic FROM thinkphp_favorite favorite LEFT JOIN thinkphp_article article ON favorite.article_id=article.id RIGHT JOIN thinkphp_user user ON article.author_id=user.id WHERE `uid` = '2' AND favorite.is_update = '1'  [ RunTime:0.0006s ]
INFO: [ view_parse ] --START--
INFO: [ template_filter ] --START--
INFO: Run Behavior\ContentReplaceBehavior [ RunTime:0.000103s ]
INFO: [ template_filter ] --END-- [ RunTime:0.000248s ]
NOTIC: [8] Undefined variable: result G:\wamp\www\blog\Application\Runtime\Cache\Home\b894a6a660b73574cf4311339873232f.php 第 94 行.
NOTIC: [8] Undefined variable: result1 G:\wamp\www\blog\Application\Runtime\Cache\Home\b894a6a660b73574cf4311339873232f.php 第 111 行.
NOTIC: [8] Undefined variable: result2 G:\wamp\www\blog\Application\Runtime\Cache\Home\b894a6a660b73574cf4311339873232f.php 第 130 行.
INFO: Run Behavior\ParseTemplateBehavior [ RunTime:0.029270s ]
INFO: [ view_parse ] --END-- [ RunTime:0.029375s ]
INFO: [ view_filter ] --START--
INFO: Run Behavior\WriteHtmlCacheBehavior [ RunTime:0.000611s ]
INFO: [ view_filter ] --END-- [ RunTime:0.000700s ]
INFO: [ app_end ] --START--
INFO: Run Behavior\ShowPageTraceBehavior [ RunTime:0.000794s ]
INFO: [ app_end ] --END-- [ RunTime:0.000886s ]

[ 2017-05-06T20:47:26+08:00 ] ::1 /blog/index.php/Home/Public/Verify
INFO: [ app_init ] --START--
INFO: Run Behavior\BuildLiteBehavior [ RunTime:0.000038s ]
INFO: [ app_init ] --END-- [ RunTime:0.000779s ]
INFO: [ app_begin ] --START--
INFO: Run Behavior\ReadHtmlCacheBehavior [ RunTime:0.001155s ]
INFO: [ app_begin ] --END-- [ RunTime:0.001310s ]
INFO: [ app_end ] --START--
INFO: Run Behavior\ShowPageTraceBehavior [ RunTime:0.000949s ]
INFO: [ app_end ] --END-- [ RunTime:0.001082s ]

[ 2017-05-06T20:47:26+08:00 ] ::1 /blog/index.php/Home/Common/common
INFO: [ app_init ] --START--
INFO: Run Behavior\BuildLiteBehavior [ RunTime:0.000043s ]
INFO: [ app_init ] --END-- [ RunTime:0.000799s ]
INFO: [ app_begin ] --START--
INFO: Run Behavior\ReadHtmlCacheBehavior [ RunTime:0.001199s ]
INFO: [ app_begin ] --END-- [ RunTime:0.001395s ]

[ 2017-05-06T20:47:27+08:00 ] ::1 /blog/index.php/Home/Message/Have_new
INFO: [ app_init ] --START--
INFO: Run Behavior\BuildLiteBehavior [ RunTime:0.000046s ]
INFO: [ app_init ] --END-- [ RunTime:0.000795s ]
INFO: [ app_begin ] --START--
INFO: Run Behavior\ReadHtmlCacheBehavior [ RunTime:0.000850s ]
INFO: [ app_begin ] --END-- [ RunTime:0.001016s ]
SQL: SHOW COLUMNS FROM `thinkphp_addfriend` [ RunTime:0.0053s ]
SQL: SHOW COLUMNS FROM `thinkphp_user` [ RunTime:0.0071s ]
SQL: SELECT addfriend.id AS id,addfriend.send_id AS send_id,addfriend.receive_id AS receive_id,addfriend.state AS state,user.username AS username,user.pic AS pic FROM thinkphp_addfriend addfriend LEFT JOIN thinkphp_user user ON addfriend.send_id=user.id WHERE addfriend.receive_id = '2' AND addfriend.state = '0' LIMIT 1   [ RunTime:0.0011s ]
SQL: SELECT addfriend.id AS id,addfriend.send_id AS send_id,addfriend.receive_id AS receive_id,addfriend.state AS state,user.username AS username,user.pic AS pic FROM thinkphp_addfriend addfriend LEFT JOIN thinkphp_user user ON addfriend.send_id=user.id WHERE addfriend.send_id = '2' AND addfriend.state <> '0' LIMIT 1   [ RunTime:0.0010s ]
SQL: SHOW COLUMNS FROM `thinkphp_favorite` [ RunTime:0.0068s ]
SQL: SHOW COLUMNS FROM `thinkphp_article` [ RunTime:0.0072s ]
SQL: SELECT favorite.id AS id,favorite.Lid AS Lid,favorite.is_update AS is_update,article.title AS title,user.username AS username,user.pic AS pic FROM thinkphp_favorite favorite LEFT JOIN thinkphp_article article ON favorite.article_id=article.id RIGHT JOIN thinkphp_user user ON article.author_id=user.id WHERE `uid` = '2' AND favorite.is_update = '1' LIMIT 1   [ RunTime:0.0007s ]

[ 2017-05-06T20:47:33+08:00 ] ::1 /blog/index.php/Home/Index/index
INFO: [ app_init ] --START--
INFO: Run Behavior\BuildLiteBehavior [ RunTime:0.000039s ]
INFO: [ app_init ] --END-- [ RunTime:0.000625s ]
INFO: [ app_begin ] --START--
INFO: Run Behavior\ReadHtmlCacheBehavior [ RunTime:0.000682s ]
INFO: [ app_begin ] --END-- [ RunTime:0.000858s ]
NOTIC: [8] Undefined index: id G:\wamp\www\blog\Application\Home\Controller\IndexController.class.php 第 7 行.
SQL: SHOW COLUMNS FROM `thinkphp_article` [ RunTime:0.0054s ]
SQL: SELECT COUNT(*) AS tp_count FROM `thinkphp_article` WHERE ( author_id=2 ) LIMIT 1   [ RunTime:0.0006s ]
SQL: SELECT * FROM `thinkphp_article` WHERE ( author_id=2 ) ORDER BY release_time desc LIMIT 0,5   [ RunTime:0.0009s ]
SQL: SHOW COLUMNS FROM `thinkphp_user` [ RunTime:0.0060s ]
SQL: SELECT * FROM `thinkphp_user` WHERE ( id=2 ) LIMIT 1   [ RunTime:0.0006s ]
NOTIC: [2] Invalid argument supplied for foreach() G:\wamp\www\blog\ThinkPHP\Library\Think\Db\Driver.class.php 第 504 行.
SQL: SELECT * FROM `thinkphp_article` ORDER BY release_time desc LIMIT 10   [ RunTime:0.0047s ]
INFO: [ view_parse ] --START--
INFO: [ template_filter ] --START--
INFO: Run Behavior\ContentReplaceBehavior [ RunTime:0.000112s ]
INFO: [ template_filter ] --END-- [ RunTime:0.000219s ]
INFO: Run Behavior\ParseTemplateBehavior [ RunTime:0.078279s ]
INFO: [ view_parse ] --END-- [ RunTime:0.078411s ]
INFO: [ view_filter ] --START--
INFO: Run Behavior\WriteHtmlCacheBehavior [ RunTime:0.000294s ]
INFO: [ view_filter ] --END-- [ RunTime:0.000385s ]
INFO: [ app_end ] --START--
INFO: Run Behavior\ShowPageTraceBehavior [ RunTime:0.000661s ]
INFO: [ app_end ] --END-- [ RunTime:0.000756s ]

[ 2017-05-06T20:47:33+08:00 ] ::1 /blog/index.php/Home/Common/common
INFO: [ app_init ] --START--
INFO: Run Behavior\BuildLiteBehavior [ RunTime:0.000039s ]
INFO: [ app_init ] --END-- [ RunTime:0.000724s ]
INFO: [ app_begin ] --START--
INFO: Run Behavior\ReadHtmlCacheBehavior [ RunTime:0.000828s ]
INFO: [ app_begin ] --END-- [ RunTime:0.001074s ]

[ 2017-05-06T20:47:33+08:00 ] ::1 /blog/index.php/Home/Public/Verify
INFO: [ app_init ] --START--
INFO: Run Behavior\BuildLiteBehavior [ RunTime:0.000049s ]
INFO: [ app_init ] --END-- [ RunTime:0.001116s ]
INFO: [ app_begin ] --START--
INFO: Run Behavior\ReadHtmlCacheBehavior [ RunTime:0.001115s ]
INFO: [ app_begin ] --END-- [ RunTime:0.001347s ]
INFO: [ app_end ] --START--
INFO: Run Behavior\ShowPageTraceBehavior [ RunTime:0.000893s ]
INFO: [ app_end ] --END-- [ RunTime:0.001136s ]

[ 2017-05-06T20:47:33+08:00 ] ::1 /blog/index.php/Home/Index/__PUBLIC__/Image/text02.jpg
INFO: [ app_init ] --START--
INFO: Run Behavior\BuildLiteBehavior [ RunTime:0.000047s ]
INFO: [ app_init ] --END-- [ RunTime:0.001214s ]

[ 2017-05-06T20:47:41+08:00 ] ::1 /blog/index.php/Home/Article/article?id=4
INFO: [ app_init ] --START--
INFO: Run Behavior\BuildLiteBehavior [ RunTime:0.000023s ]
INFO: [ app_init ] --END-- [ RunTime:0.000455s ]
INFO: [ app_begin ] --START--
INFO: Run Behavior\ReadHtmlCacheBehavior [ RunTime:0.000794s ]
INFO: [ app_begin ] --END-- [ RunTime:0.000896s ]
SQL: SHOW COLUMNS FROM `thinkphp_comment` [ RunTime:0.0087s ]
SQL: SHOW COLUMNS FROM `thinkphp_user` [ RunTime:0.0069s ]
SQL: SELECT comment.id AS id,comment.article_id AS article_id,comment.time AS time,user.id AS Uid,user.pic AS pic FROM thinkphp_comment comment LEFT JOIN thinkphp_user user ON comment.from_uid=user.id WHERE ( article_id=4 ) ORDER BY comment.time desc LIMIT 8   [ RunTime:0.0010s ]
SQL: SHOW COLUMNS FROM `thinkphp_article` [ RunTime:0.0089s ]
SQL: SELECT article.id AS id,article.title AS title,article.content AS content,article.author_id AS author_id,article.picture AS picture,article.desc AS articledesc,article.release_time AS release_time,user.username AS username,user.pic AS pic,user.sex AS sex,user.age AS age,user.desc AS userdesc,user.sign AS sign FROM thinkphp_article article LEFT JOIN thinkphp_user user ON article.author_id=user.id WHERE article.id = '4' LIMIT 1   [ RunTime:0.0012s ]
SQL: SHOW COLUMNS FROM `thinkphp_favorite` [ RunTime:0.0060s ]
SQL: SELECT COUNT(*) AS tp_count FROM `thinkphp_favorite` WHERE `Lid` = 2 LIMIT 1   [ RunTime:0.0007s ]
SQL: SELECT article.id AS id,article.title AS title,article.content AS content,article.author_id AS author_id,article.picture AS picture,article.desc AS articledesc,article.release_time AS release_time,user.username AS username,user.pic AS pic,user.sex AS sex,user.age AS age,user.desc AS userdesc,user.sign AS sign FROM thinkphp_article article LEFT JOIN thinkphp_user user ON article.author_id=user.id WHERE ( author_id=2 ) ORDER BY article.release_time desc LIMIT 10   [ RunTime:0.0015s ]
SQL: SHOW COLUMNS FROM `thinkphp_comment` [ RunTime:0.0057s ]
SQL: SELECT COUNT(*) AS tp_count FROM `thinkphp_comment` WHERE `article_id` = 4 LIMIT 1   [ RunTime:0.0006s ]
SQL: SELECT * FROM `thinkphp_comment` WHERE `article_id` = 4 ORDER BY time asc LIMIT 0,8   [ RunTime:0.0007s ]
INFO: [ view_parse ] --START--
INFO: [ template_filter ] --START--
INFO: Run Behavior\ContentReplaceBehavior [ RunTime:0.000414s ]
INFO: [ template_filter ] --END-- [ RunTime:0.000645s ]
INFO: Run Behavior\ParseTemplateBehavior [ RunTime:0.178260s ]
INFO: [ view_parse ] --END-- [ RunTime:0.178469s ]
INFO: [ view_filter ] --START--
INFO: Run Behavior\WriteHtmlCacheBehavior [ RunTime:0.001328s ]
INFO: [ view_filter ] --END-- [ RunTime:0.001621s ]
INFO: [ app_end ] --START--
INFO: Run Behavior\ShowPageTraceBehavior [ RunTime:0.001867s ]
INFO: [ app_end ] --END-- [ RunTime:0.002057s ]

[ 2017-05-06T20:47:42+08:00 ] ::1 /blog/index.php/Home/Public/Verify
INFO: [ app_init ] --START--
INFO: Run Behavior\BuildLiteBehavior [ RunTime:0.000024s ]
INFO: [ app_init ] --END-- [ RunTime:0.000466s ]
INFO: [ app_begin ] --START--
INFO: Run Behavior\ReadHtmlCacheBehavior [ RunTime:0.000472s ]
INFO: [ app_begin ] --END-- [ RunTime:0.000564s ]
INFO: [ app_end ] --START--
INFO: Run Behavior\ShowPageTraceBehavior [ RunTime:0.000654s ]
INFO: [ app_end ] --END-- [ RunTime:0.000785s ]

[ 2017-05-06T20:47:42+08:00 ] ::1 /blog/index.php/Home/Article/__PUBLIC__/Image/text02.jpg
INFO: [ app_init ] --START--
INFO: Run Behavior\BuildLiteBehavior [ RunTime:0.000040s ]
INFO: [ app_init ] --END-- [ RunTime:0.000797s ]

[ 2017-05-06T20:47:42+08:00 ] ::1 /blog/index.php/Home/Common/common
INFO: [ app_init ] --START--
INFO: Run Behavior\BuildLiteBehavior [ RunTime:0.000026s ]
INFO: [ app_init ] --END-- [ RunTime:0.000544s ]
INFO: [ app_begin ] --START--
INFO: Run Behavior\ReadHtmlCacheBehavior [ RunTime:0.001320s ]
INFO: [ app_begin ] --END-- [ RunTime:0.001540s ]

[ 2017-05-06T20:51:42+08:00 ] ::1 /blog/index.php/Home/Article/article?id=8
INFO: [ app_init ] --START--
INFO: Run Behavior\BuildLiteBehavior [ RunTime:0.000067s ]
INFO: [ app_init ] --END-- [ RunTime:0.000967s ]
INFO: [ app_begin ] --START--
INFO: Run Behavior\ReadHtmlCacheBehavior [ RunTime:0.001230s ]
INFO: [ app_begin ] --END-- [ RunTime:0.001428s ]
SQL: SHOW COLUMNS FROM `thinkphp_comment` [ RunTime:0.0069s ]
SQL: SHOW COLUMNS FROM `thinkphp_user` [ RunTime:0.0074s ]
SQL: SELECT comment.id AS id,comment.article_id AS article_id,comment.time AS time,user.id AS Uid,user.pic AS pic FROM thinkphp_comment comment LEFT JOIN thinkphp_user user ON comment.from_uid=user.id WHERE ( article_id=8 ) ORDER BY comment.time desc LIMIT 8   [ RunTime:0.0008s ]
SQL: SHOW COLUMNS FROM `thinkphp_article` [ RunTime:0.0055s ]
SQL: SELECT article.id AS id,article.title AS title,article.content AS content,article.author_id AS author_id,article.picture AS picture,article.desc AS articledesc,article.release_time AS release_time,user.username AS username,user.pic AS pic,user.sex AS sex,user.age AS age,user.desc AS userdesc,user.sign AS sign FROM thinkphp_article article LEFT JOIN thinkphp_user user ON article.author_id=user.id WHERE article.id = '8' LIMIT 1   [ RunTime:0.0009s ]
SQL: SHOW COLUMNS FROM `thinkphp_favorite` [ RunTime:0.0056s ]
SQL: SELECT COUNT(*) AS tp_count FROM `thinkphp_favorite` WHERE `Lid` = 2 LIMIT 1   [ RunTime:0.0005s ]
SQL: SELECT article.id AS id,article.title AS title,article.content AS content,article.author_id AS author_id,article.picture AS picture,article.desc AS articledesc,article.release_time AS release_time,user.username AS username,user.pic AS pic,user.sex AS sex,user.age AS age,user.desc AS userdesc,user.sign AS sign FROM thinkphp_article article LEFT JOIN thinkphp_user user ON article.author_id=user.id WHERE ( author_id=2 ) ORDER BY article.release_time desc LIMIT 10   [ RunTime:0.0009s ]
SQL: SHOW COLUMNS FROM `thinkphp_comment` [ RunTime:0.0064s ]
SQL: SELECT COUNT(*) AS tp_count FROM `thinkphp_comment` WHERE `article_id` = 8 LIMIT 1   [ RunTime:0.0008s ]
SQL: SELECT * FROM `thinkphp_comment` WHERE `article_id` = 8 ORDER BY time asc LIMIT 0,8   [ RunTime:0.0005s ]
INFO: [ view_parse ] --START--
INFO: [ template_filter ] --START--
INFO: Run Behavior\ContentReplaceBehavior [ RunTime:0.000126s ]
INFO: [ template_filter ] --END-- [ RunTime:0.000234s ]
INFO: Run Behavior\ParseTemplateBehavior [ RunTime:0.023395s ]
INFO: [ view_parse ] --END-- [ RunTime:0.023524s ]
INFO: [ view_filter ] --START--
INFO: Run Behavior\WriteHtmlCacheBehavior [ RunTime:0.000546s ]
INFO: [ view_filter ] --END-- [ RunTime:0.000637s ]
INFO: [ app_end ] --START--
INFO: Run Behavior\ShowPageTraceBehavior [ RunTime:0.000758s ]
INFO: [ app_end ] --END-- [ RunTime:0.000857s ]

[ 2017-05-06T20:51:42+08:00 ] ::1 /blog/index.php/Home/Public/Verify
INFO: [ app_init ] --START--
INFO: Run Behavior\BuildLiteBehavior [ RunTime:0.000026s ]
INFO: [ app_init ] --END-- [ RunTime:0.000529s ]
INFO: [ app_begin ] --START--
INFO: Run Behavior\ReadHtmlCacheBehavior [ RunTime:0.000807s ]
INFO: [ app_begin ] --END-- [ RunTime:0.000929s ]
INFO: [ app_end ] --START--
INFO: Run Behavior\ShowPageTraceBehavior [ RunTime:0.004547s ]
INFO: [ app_end ] --END-- [ RunTime:0.004821s ]

[ 2017-05-06T20:51:42+08:00 ] ::1 /blog/index.php/Home/Common/common
INFO: [ app_init ] --START--
INFO: Run Behavior\BuildLiteBehavior [ RunTime:0.000043s ]
INFO: [ app_init ] --END-- [ RunTime:0.000809s ]
INFO: [ app_begin ] --START--
INFO: Run Behavior\ReadHtmlCacheBehavior [ RunTime:0.001299s ]
INFO: [ app_begin ] --END-- [ RunTime:0.001495s ]

[ 2017-05-06T20:52:03+08:00 ] ::1 /blog/index.php/Home/Article/addcomment
INFO: [ app_init ] --START--
INFO: Run Behavior\BuildLiteBehavior [ RunTime:0.000023s ]
INFO: [ app_init ] --END-- [ RunTime:0.000518s ]
INFO: [ app_begin ] --START--
INFO: Run Behavior\ReadHtmlCacheBehavior [ RunTime:0.001136s ]
INFO: [ app_begin ] --END-- [ RunTime:0.001252s ]
SQL: SHOW COLUMNS FROM `thinkphp_comment` [ RunTime:0.0084s ]
SQL: INSERT INTO `thinkphp_comment` (`article_id`,`from_uid`,`content`,`time`) VALUES ('8','2','这里是评论区！','2017-05-06 20:52:02') [ RunTime:0.1401s ]

[ 2017-05-06T20:52:06+08:00 ] ::1 /blog/index.php/Home/Article/article?id=8
INFO: [ app_init ] --START--
INFO: Run Behavior\BuildLiteBehavior [ RunTime:0.000047s ]
INFO: [ app_init ] --END-- [ RunTime:0.000871s ]
INFO: [ app_begin ] --START--
INFO: Run Behavior\ReadHtmlCacheBehavior [ RunTime:0.006607s ]
INFO: [ app_begin ] --END-- [ RunTime:0.006848s ]
SQL: SHOW COLUMNS FROM `thinkphp_comment` [ RunTime:0.0381s ]
SQL: SHOW COLUMNS FROM `thinkphp_user` [ RunTime:0.0132s ]
SQL: SELECT comment.id AS id,comment.article_id AS article_id,comment.time AS time,user.id AS Uid,user.pic AS pic FROM thinkphp_comment comment LEFT JOIN thinkphp_user user ON comment.from_uid=user.id WHERE ( article_id=8 ) ORDER BY comment.time desc LIMIT 8   [ RunTime:0.0010s ]
SQL: SHOW COLUMNS FROM `thinkphp_article` [ RunTime:0.0073s ]
SQL: SELECT article.id AS id,article.title AS title,article.content AS content,article.author_id AS author_id,article.picture AS picture,article.desc AS articledesc,article.release_time AS release_time,user.username AS username,user.pic AS pic,user.sex AS sex,user.age AS age,user.desc AS userdesc,user.sign AS sign FROM thinkphp_article article LEFT JOIN thinkphp_user user ON article.author_id=user.id WHERE article.id = '8' LIMIT 1   [ RunTime:0.0024s ]
SQL: SHOW COLUMNS FROM `thinkphp_favorite` [ RunTime:0.0143s ]
SQL: SELECT COUNT(*) AS tp_count FROM `thinkphp_favorite` WHERE `Lid` = 2 LIMIT 1   [ RunTime:0.0006s ]
SQL: SELECT article.id AS id,article.title AS title,article.content AS content,article.author_id AS author_id,article.picture AS picture,article.desc AS articledesc,article.release_time AS release_time,user.username AS username,user.pic AS pic,user.sex AS sex,user.age AS age,user.desc AS userdesc,user.sign AS sign FROM thinkphp_article article LEFT JOIN thinkphp_user user ON article.author_id=user.id WHERE ( author_id=2 ) ORDER BY article.release_time desc LIMIT 10   [ RunTime:0.0022s ]
SQL: SHOW COLUMNS FROM `thinkphp_comment` [ RunTime:0.0171s ]
SQL: SELECT COUNT(*) AS tp_count FROM `thinkphp_comment` WHERE `article_id` = 8 LIMIT 1   [ RunTime:0.0018s ]
SQL: SELECT * FROM `thinkphp_comment` WHERE `article_id` = 8 ORDER BY time asc LIMIT 0,8   [ RunTime:0.0007s ]
SQL: SHOW COLUMNS FROM `thinkphp_user` [ RunTime:0.0082s ]
SQL: SELECT `username`,`pic` FROM `thinkphp_user` WHERE ( 1=1 AND id='2' ) LIMIT 1   [ RunTime:0.0007s ]
SQL: SHOW COLUMNS FROM `thinkphp_reply` [ RunTime:0.0077s ]
SQL: SELECT reply.id AS id,reply.comment_id AS comment_id,reply.reply_id AS reply_id,reply.reply_type AS reply_type,reply.content AS content,reply.from_uid AS from_uid,reply.to_uid AS to_uid,reply.time AS time,user.username AS replyname,user.pic AS reply_pic,user1.username AS be_replyname,user1.pic AS be_replypic FROM thinkphp_reply reply LEFT JOIN thinkphp_user user ON user.id=reply.from_uid LEFT JOIN thinkphp_user user1 ON user1.id=reply.to_uid WHERE reply.comment_id = '10'  [ RunTime:0.0006s ]
INFO: [ view_parse ] --START--
INFO: [ template_filter ] --START--
INFO: Run Behavior\ContentReplaceBehavior [ RunTime:0.000133s ]
INFO: [ template_filter ] --END-- [ RunTime:0.000242s ]
NOTIC: [8] Undefined index: replylist G:\wamp\www\blog\Application\Runtime\Cache\Home\37d23b8de8b1006eeb4dee5f594561fd.php 第 141 行.
INFO: Run Behavior\ParseTemplateBehavior [ RunTime:0.024495s ]
INFO: [ view_parse ] --END-- [ RunTime:0.024679s ]
INFO: [ view_filter ] --START--
INFO: Run Behavior\WriteHtmlCacheBehavior [ RunTime:0.001010s ]
INFO: [ view_filter ] --END-- [ RunTime:0.001195s ]
INFO: [ app_end ] --START--
INFO: Run Behavior\ShowPageTraceBehavior [ RunTime:0.000901s ]
INFO: [ app_end ] --END-- [ RunTime:0.001035s ]

[ 2017-05-06T20:52:06+08:00 ] ::1 /blog/index.php/Home/Public/Verify
INFO: [ app_init ] --START--
INFO: Run Behavior\BuildLiteBehavior [ RunTime:0.000025s ]
INFO: [ app_init ] --END-- [ RunTime:0.000526s ]
INFO: [ app_begin ] --START--
INFO: Run Behavior\ReadHtmlCacheBehavior [ RunTime:0.000801s ]
INFO: [ app_begin ] --END-- [ RunTime:0.000923s ]
INFO: [ app_end ] --START--
INFO: Run Behavior\ShowPageTraceBehavior [ RunTime:0.000949s ]
INFO: [ app_end ] --END-- [ RunTime:0.001080s ]

[ 2017-05-06T20:52:07+08:00 ] ::1 /blog/index.php/Home/Common/common
INFO: [ app_init ] --START--
INFO: Run Behavior\BuildLiteBehavior [ RunTime:0.000047s ]
INFO: [ app_init ] --END-- [ RunTime:0.000788s ]
INFO: [ app_begin ] --START--
INFO: Run Behavior\ReadHtmlCacheBehavior [ RunTime:0.000798s ]
INFO: [ app_begin ] --END-- [ RunTime:0.000908s ]

[ 2017-05-06T20:52:46+08:00 ] ::1 /blog/index.php/Home/Article/addreply
INFO: [ app_init ] --START--
INFO: Run Behavior\BuildLiteBehavior [ RunTime:0.000050s ]
INFO: [ app_init ] --END-- [ RunTime:0.001329s ]
INFO: [ app_begin ] --START--
INFO: Run Behavior\ReadHtmlCacheBehavior [ RunTime:0.001111s ]
INFO: [ app_begin ] --END-- [ RunTime:0.001281s ]
SQL: SHOW COLUMNS FROM `thinkphp_reply` [ RunTime:0.0068s ]
SQL: INSERT INTO `thinkphp_reply` (`content`,`from_uid`,`to_uid`,`comment_id`,`reply_id`,`time`) VALUES ('这里是针对用户评论的回复','2','2','10','0','2017-05-06 20:52:45') [ RunTime:0.1314s ]

[ 2017-05-06T20:52:50+08:00 ] ::1 /blog/index.php/Home/Article/article?id=8
INFO: [ app_init ] --START--
INFO: Run Behavior\BuildLiteBehavior [ RunTime:0.000022s ]
INFO: [ app_init ] --END-- [ RunTime:0.000457s ]
INFO: [ app_begin ] --START--
INFO: Run Behavior\ReadHtmlCacheBehavior [ RunTime:0.000815s ]
INFO: [ app_begin ] --END-- [ RunTime:0.000929s ]
SQL: SHOW COLUMNS FROM `thinkphp_comment` [ RunTime:0.0140s ]
SQL: SHOW COLUMNS FROM `thinkphp_user` [ RunTime:0.0147s ]
SQL: SELECT comment.id AS id,comment.article_id AS article_id,comment.time AS time,user.id AS Uid,user.pic AS pic FROM thinkphp_comment comment LEFT JOIN thinkphp_user user ON comment.from_uid=user.id WHERE ( article_id=8 ) ORDER BY comment.time desc LIMIT 8   [ RunTime:0.0018s ]
SQL: SHOW COLUMNS FROM `thinkphp_article` [ RunTime:0.0104s ]
SQL: SELECT article.id AS id,article.title AS title,article.content AS content,article.author_id AS author_id,article.picture AS picture,article.desc AS articledesc,article.release_time AS release_time,user.username AS username,user.pic AS pic,user.sex AS sex,user.age AS age,user.desc AS userdesc,user.sign AS sign FROM thinkphp_article article LEFT JOIN thinkphp_user user ON article.author_id=user.id WHERE article.id = '8' LIMIT 1   [ RunTime:0.0026s ]
SQL: SHOW COLUMNS FROM `thinkphp_favorite` [ RunTime:0.0081s ]
SQL: SELECT COUNT(*) AS tp_count FROM `thinkphp_favorite` WHERE `Lid` = 2 LIMIT 1   [ RunTime:0.0009s ]
SQL: SELECT article.id AS id,article.title AS title,article.content AS content,article.author_id AS author_id,article.picture AS picture,article.desc AS articledesc,article.release_time AS release_time,user.username AS username,user.pic AS pic,user.sex AS sex,user.age AS age,user.desc AS userdesc,user.sign AS sign FROM thinkphp_article article LEFT JOIN thinkphp_user user ON article.author_id=user.id WHERE ( author_id=2 ) ORDER BY article.release_time desc LIMIT 10   [ RunTime:0.0033s ]
SQL: SHOW COLUMNS FROM `thinkphp_comment` [ RunTime:0.0050s ]
SQL: SELECT COUNT(*) AS tp_count FROM `thinkphp_comment` WHERE `article_id` = 8 LIMIT 1   [ RunTime:0.0005s ]
SQL: SELECT * FROM `thinkphp_comment` WHERE `article_id` = 8 ORDER BY time asc LIMIT 0,8   [ RunTime:0.0009s ]
SQL: SHOW COLUMNS FROM `thinkphp_user` [ RunTime:0.0055s ]
SQL: SELECT `username`,`pic` FROM `thinkphp_user` WHERE ( 1=1 AND id='2' ) LIMIT 1   [ RunTime:0.0005s ]
SQL: SHOW COLUMNS FROM `thinkphp_reply` [ RunTime:0.0060s ]
SQL: SELECT reply.id AS id,reply.comment_id AS comment_id,reply.reply_id AS reply_id,reply.reply_type AS reply_type,reply.content AS content,reply.from_uid AS from_uid,reply.to_uid AS to_uid,reply.time AS time,user.username AS replyname,user.pic AS reply_pic,user1.username AS be_replyname,user1.pic AS be_replypic FROM thinkphp_reply reply LEFT JOIN thinkphp_user user ON user.id=reply.from_uid LEFT JOIN thinkphp_user user1 ON user1.id=reply.to_uid WHERE reply.comment_id = '10'  [ RunTime:0.0008s ]
INFO: [ view_parse ] --START--
INFO: [ template_filter ] --START--
INFO: Run Behavior\ContentReplaceBehavior [ RunTime:0.000124s ]
INFO: [ template_filter ] --END-- [ RunTime:0.000234s ]
INFO: Run Behavior\ParseTemplateBehavior [ RunTime:0.023602s ]
INFO: [ view_parse ] --END-- [ RunTime:0.023733s ]
INFO: [ view_filter ] --START--
INFO: Run Behavior\WriteHtmlCacheBehavior [ RunTime:0.000596s ]
INFO: [ view_filter ] --END-- [ RunTime:0.000710s ]
INFO: [ app_end ] --START--
INFO: Run Behavior\ShowPageTraceBehavior [ RunTime:0.000764s ]
INFO: [ app_end ] --END-- [ RunTime:0.000858s ]

[ 2017-05-06T20:52:50+08:00 ] ::1 /blog/index.php/Home/Public/Verify
INFO: [ app_init ] --START--
INFO: Run Behavior\BuildLiteBehavior [ RunTime:0.000045s ]
INFO: [ app_init ] --END-- [ RunTime:0.000848s ]
INFO: [ app_begin ] --START--
INFO: Run Behavior\ReadHtmlCacheBehavior [ RunTime:0.001274s ]
INFO: [ app_begin ] --END-- [ RunTime:0.001504s ]
INFO: [ app_end ] --START--
INFO: Run Behavior\ShowPageTraceBehavior [ RunTime:0.001495s ]
INFO: [ app_end ] --END-- [ RunTime:0.001730s ]

[ 2017-05-06T20:52:50+08:00 ] ::1 /blog/index.php/Home/Common/common
INFO: [ app_init ] --START--
INFO: Run Behavior\BuildLiteBehavior [ RunTime:0.000040s ]
INFO: [ app_init ] --END-- [ RunTime:0.000711s ]
INFO: [ app_begin ] --START--
INFO: Run Behavior\ReadHtmlCacheBehavior [ RunTime:0.000832s ]
INFO: [ app_begin ] --END-- [ RunTime:0.000979s ]

[ 2017-05-06T20:53:56+08:00 ] ::1 /blog/index.php/Home/Userinfo/userinfo
INFO: [ app_init ] --START--
INFO: Run Behavior\BuildLiteBehavior [ RunTime:0.000041s ]
INFO: [ app_init ] --END-- [ RunTime:0.000855s ]
INFO: [ app_begin ] --START--
INFO: Run Behavior\ReadHtmlCacheBehavior [ RunTime:0.001171s ]
INFO: [ app_begin ] --END-- [ RunTime:0.001367s ]
SQL: SHOW COLUMNS FROM `thinkphp_user` [ RunTime:0.0067s ]
SQL: SELECT * FROM `thinkphp_user` WHERE ( id=2 ) LIMIT 1   [ RunTime:0.0008s ]
INFO: [ view_parse ] --START--
INFO: [ template_filter ] --START--
INFO: Run Behavior\ContentReplaceBehavior [ RunTime:0.000101s ]
INFO: [ template_filter ] --END-- [ RunTime:0.000205s ]
INFO: Run Behavior\ParseTemplateBehavior [ RunTime:0.011802s ]
INFO: [ view_parse ] --END-- [ RunTime:0.011924s ]
INFO: [ view_filter ] --START--
INFO: Run Behavior\WriteHtmlCacheBehavior [ RunTime:0.000497s ]
INFO: [ view_filter ] --END-- [ RunTime:0.000580s ]
INFO: [ app_end ] --START--
INFO: Run Behavior\ShowPageTraceBehavior [ RunTime:0.000765s ]
INFO: [ app_end ] --END-- [ RunTime:0.000861s ]

[ 2017-05-06T20:53:57+08:00 ] ::1 /blog/index.php/Home/Public/Verify
INFO: [ app_init ] --START--
INFO: Run Behavior\BuildLiteBehavior [ RunTime:0.000030s ]
INFO: [ app_init ] --END-- [ RunTime:0.000949s ]
INFO: [ app_begin ] --START--
INFO: Run Behavior\ReadHtmlCacheBehavior [ RunTime:0.000851s ]
INFO: [ app_begin ] --END-- [ RunTime:0.000974s ]
INFO: [ app_end ] --START--
INFO: Run Behavior\ShowPageTraceBehavior [ RunTime:0.001281s ]
INFO: [ app_end ] --END-- [ RunTime:0.001502s ]

[ 2017-05-06T20:53:57+08:00 ] ::1 /blog/index.php/Home/Common/common
INFO: [ app_init ] --START--
INFO: Run Behavior\BuildLiteBehavior [ RunTime:0.000042s ]
INFO: [ app_init ] --END-- [ RunTime:0.000841s ]
INFO: [ app_begin ] --START--
INFO: Run Behavior\ReadHtmlCacheBehavior [ RunTime:0.000957s ]
INFO: [ app_begin ] --END-- [ RunTime:0.001115s ]

[ 2017-05-06T20:53:58+08:00 ] ::1 /blog/index.php/Home/Message/Have_new
INFO: [ app_init ] --START--
INFO: Run Behavior\BuildLiteBehavior [ RunTime:0.000048s ]
INFO: [ app_init ] --END-- [ RunTime:0.000771s ]
INFO: [ app_begin ] --START--
INFO: Run Behavior\ReadHtmlCacheBehavior [ RunTime:0.001731s ]
INFO: [ app_begin ] --END-- [ RunTime:0.001947s ]
SQL: SHOW COLUMNS FROM `thinkphp_addfriend` [ RunTime:0.0061s ]
SQL: SHOW COLUMNS FROM `thinkphp_user` [ RunTime:0.0094s ]
SQL: SELECT addfriend.id AS id,addfriend.send_id AS send_id,addfriend.receive_id AS receive_id,addfriend.state AS state,user.username AS username,user.pic AS pic FROM thinkphp_addfriend addfriend LEFT JOIN thinkphp_user user ON addfriend.send_id=user.id WHERE addfriend.receive_id = '2' AND addfriend.state = '0' LIMIT 1   [ RunTime:0.0009s ]
SQL: SELECT addfriend.id AS id,addfriend.send_id AS send_id,addfriend.receive_id AS receive_id,addfriend.state AS state,user.username AS username,user.pic AS pic FROM thinkphp_addfriend addfriend LEFT JOIN thinkphp_user user ON addfriend.send_id=user.id WHERE addfriend.send_id = '2' AND addfriend.state <> '0' LIMIT 1   [ RunTime:0.0007s ]
SQL: SHOW COLUMNS FROM `thinkphp_favorite` [ RunTime:0.0072s ]
SQL: SHOW COLUMNS FROM `thinkphp_article` [ RunTime:0.0065s ]
SQL: SELECT favorite.id AS id,favorite.Lid AS Lid,favorite.is_update AS is_update,article.title AS title,user.username AS username,user.pic AS pic FROM thinkphp_favorite favorite LEFT JOIN thinkphp_article article ON favorite.article_id=article.id RIGHT JOIN thinkphp_user user ON article.author_id=user.id WHERE `uid` = '2' AND favorite.is_update = '1' LIMIT 1   [ RunTime:0.0008s ]

[ 2017-05-06T20:53:59+08:00 ] ::1 /blog/index.php/Home/Moments/moments
INFO: [ app_init ] --START--
INFO: Run Behavior\BuildLiteBehavior [ RunTime:0.000023s ]
INFO: [ app_init ] --END-- [ RunTime:0.000501s ]
INFO: [ app_begin ] --START--
INFO: Run Behavior\ReadHtmlCacheBehavior [ RunTime:0.000801s ]
INFO: [ app_begin ] --END-- [ RunTime:0.000907s ]
SQL: SHOW COLUMNS FROM `thinkphp_moments` [ RunTime:0.0066s ]
SQL: SHOW COLUMNS FROM `thinkphp_friend` [ RunTime:0.0055s ]
SQL: SELECT `fid` FROM `thinkphp_friend` WHERE ( uid=2 )  [ RunTime:0.0007s ]
SQL: SELECT COUNT(*) AS tp_count FROM `thinkphp_moments` WHERE `authod_id` IN ('2','3') LIMIT 1   [ RunTime:0.0007s ]
SQL: SELECT * FROM `thinkphp_moments` WHERE `authod_id` IN ('2','3') ORDER BY time desc LIMIT 0,5   [ RunTime:0.0009s ]
SQL: SHOW COLUMNS FROM `thinkphp_mmtlove` [ RunTime:0.0071s ]
SQL: SELECT `Lover` FROM `thinkphp_mmtlove` WHERE ( 1=1 AND Cid='27' )  [ RunTime:0.0006s ]
SQL: SHOW COLUMNS FROM `thinkphp_user` [ RunTime:0.0060s ]
SQL: SELECT `username`,`pic` FROM `thinkphp_user` WHERE ( 1=1 AND id='3' ) LIMIT 1   [ RunTime:0.0006s ]
SQL: SHOW COLUMNS FROM `thinkphp_mmtmess` [ RunTime:0.0072s ]
SQL: SELECT `from_name`,`comments`,`is_reply`,`reply_name` FROM `thinkphp_mmtmess` WHERE ( 1=1 AND Cid='27' )  [ RunTime:0.0007s ]
SQL: SELECT `Lover` FROM `thinkphp_mmtlove` WHERE ( 1=1 AND Cid='5' )  [ RunTime:0.0006s ]
SQL: SELECT `username`,`pic` FROM `thinkphp_user` WHERE ( 1=1 AND id='3' ) LIMIT 1   [ RunTime:0.0005s ]
SQL: SELECT `from_name`,`comments`,`is_reply`,`reply_name` FROM `thinkphp_mmtmess` WHERE ( 1=1 AND Cid='5' )  [ RunTime:0.0005s ]
SQL: SELECT `Lover` FROM `thinkphp_mmtlove` WHERE ( 1=1 AND Cid='2' )  [ RunTime:0.0004s ]
SQL: SELECT `username`,`pic` FROM `thinkphp_user` WHERE ( 1=1 AND id='3' ) LIMIT 1   [ RunTime:0.0005s ]
SQL: SELECT `from_name`,`comments`,`is_reply`,`reply_name` FROM `thinkphp_mmtmess` WHERE ( 1=1 AND Cid='2' )  [ RunTime:0.0005s ]
SQL: SELECT `Lover` FROM `thinkphp_mmtlove` WHERE ( 1=1 AND Cid='6' )  [ RunTime:0.0007s ]
SQL: SELECT `username`,`pic` FROM `thinkphp_user` WHERE ( 1=1 AND id='2' ) LIMIT 1   [ RunTime:0.0005s ]
SQL: SELECT `from_name`,`comments`,`is_reply`,`reply_name` FROM `thinkphp_mmtmess` WHERE ( 1=1 AND Cid='6' )  [ RunTime:0.0005s ]
SQL: SELECT `Lover` FROM `thinkphp_mmtlove` WHERE ( 1=1 AND Cid='1' )  [ RunTime:0.0006s ]
SQL: SELECT `username`,`pic` FROM `thinkphp_user` WHERE ( 1=1 AND id='2' ) LIMIT 1   [ RunTime:0.0012s ]
SQL: SELECT `from_name`,`comments`,`is_reply`,`reply_name` FROM `thinkphp_mmtmess` WHERE ( 1=1 AND Cid='1' )  [ RunTime:0.0012s ]
SQL: SHOW COLUMNS FROM `thinkphp_user` [ RunTime:0.0060s ]
SQL: SELECT * FROM `thinkphp_user` WHERE ( id = 2 ) LIMIT 1   [ RunTime:0.0007s ]
INFO: [ view_parse ] --START--
INFO: [ template_filter ] --START--
INFO: Run Behavior\ContentReplaceBehavior [ RunTime:0.000105s ]
INFO: [ template_filter ] --END-- [ RunTime:0.000236s ]
INFO: Run Behavior\ParseTemplateBehavior [ RunTime:0.084386s ]
INFO: [ view_parse ] --END-- [ RunTime:0.084520s ]
INFO: [ view_filter ] --START--
INFO: Run Behavior\WriteHtmlCacheBehavior [ RunTime:0.000590s ]
INFO: [ view_filter ] --END-- [ RunTime:0.000692s ]
INFO: [ app_end ] --START--
INFO: Run Behavior\ShowPageTraceBehavior [ RunTime:0.000733s ]
INFO: [ app_end ] --END-- [ RunTime:0.000851s ]

[ 2017-05-06T20:54:00+08:00 ] ::1 /blog/index.php/Home/Public/Verify
INFO: [ app_init ] --START--
INFO: Run Behavior\BuildLiteBehavior [ RunTime:0.000057s ]
INFO: [ app_init ] --END-- [ RunTime:0.001049s ]
INFO: [ app_begin ] --START--
INFO: Run Behavior\ReadHtmlCacheBehavior [ RunTime:0.001251s ]
INFO: [ app_begin ] --END-- [ RunTime:0.001506s ]
INFO: [ app_end ] --START--
INFO: Run Behavior\ShowPageTraceBehavior [ RunTime:0.001838s ]
INFO: [ app_end ] --END-- [ RunTime:0.002062s ]

[ 2017-05-06T20:54:00+08:00 ] ::1 /blog/index.php/Home/Common/common
INFO: [ app_init ] --START--
INFO: Run Behavior\BuildLiteBehavior [ RunTime:0.000031s ]
INFO: [ app_init ] --END-- [ RunTime:0.000840s ]
INFO: [ app_begin ] --START--
INFO: Run Behavior\ReadHtmlCacheBehavior [ RunTime:0.000879s ]
INFO: [ app_begin ] --END-- [ RunTime:0.001025s ]

[ 2017-05-06T21:01:36+08:00 ] ::1 /blog/index.php/Home/Login/logout
INFO: [ app_init ] --START--
INFO: Run Behavior\BuildLiteBehavior [ RunTime:0.000024s ]
INFO: [ app_init ] --END-- [ RunTime:0.000603s ]
INFO: [ app_begin ] --START--
INFO: Run Behavior\ReadHtmlCacheBehavior [ RunTime:0.000917s ]
INFO: [ app_begin ] --END-- [ RunTime:0.001011s ]
SQL: SHOW COLUMNS FROM `thinkphp_user` [ RunTime:0.0160s ]
SQL: SELECT * FROM `thinkphp_user` WHERE `id` = 2 LIMIT 1   [ RunTime:0.0016s ]
SQL: UPDATE `thinkphp_user` SET `username`='Chalotte',`password`='123123',`sex`='0',`age`=NULL,`birthday`='0',`pic`='/blog/Public/Image/Pic/Chalotte/2017-05-06/590dc5cd0aeb9.jpg',`mail`=NULL,`phonenum`=NULL,`desc`='这个人很懒。什么都没留下...',`sign`='这家伙没留下什么信息...',`online`='0',`reg_time`='' WHERE `id` = 2 [ RunTime:0.2470s ]

[ 2017-05-06T21:01:36+08:00 ] ::1 /blog/index.php/Home/Index/index
INFO: [ app_init ] --START--
INFO: Run Behavior\BuildLiteBehavior [ RunTime:0.000028s ]
INFO: [ app_init ] --END-- [ RunTime:0.001315s ]
INFO: [ app_begin ] --START--
INFO: Run Behavior\ReadHtmlCacheBehavior [ RunTime:0.000805s ]
INFO: [ app_begin ] --END-- [ RunTime:0.000902s ]
NOTIC: [8] Undefined index: id G:\wamp\www\blog\Application\Home\Controller\IndexController.class.php 第 7 行.
NOTIC: [8] Undefined index: id G:\wamp\www\blog\Application\Home\Controller\IndexController.class.php 第 9 行.
INFO: [ view_parse ] --START--
INFO: [ template_filter ] --START--
INFO: Run Behavior\ContentReplaceBehavior [ RunTime:0.000073s ]
INFO: [ template_filter ] --END-- [ RunTime:0.000191s ]
INFO: Run Behavior\ParseTemplateBehavior [ RunTime:0.009746s ]
INFO: [ view_parse ] --END-- [ RunTime:0.009866s ]
INFO: [ view_filter ] --START--
INFO: Run Behavior\WriteHtmlCacheBehavior [ RunTime:0.000693s ]
INFO: [ view_filter ] --END-- [ RunTime:0.000783s ]

[ 2017-05-06T21:01:39+08:00 ] ::1 /blog/index.php/Home/Login/login.html
INFO: [ app_init ] --START--
INFO: Run Behavior\BuildLiteBehavior [ RunTime:0.000025s ]
INFO: [ app_init ] --END-- [ RunTime:0.000540s ]
INFO: [ app_begin ] --START--
INFO: Run Behavior\ReadHtmlCacheBehavior [ RunTime:0.000812s ]
INFO: [ app_begin ] --END-- [ RunTime:0.000914s ]
INFO: [ view_parse ] --START--
INFO: [ template_filter ] --START--
INFO: Run Behavior\ContentReplaceBehavior [ RunTime:0.000137s ]
INFO: [ template_filter ] --END-- [ RunTime:0.000290s ]
INFO: Run Behavior\ParseTemplateBehavior [ RunTime:0.010330s ]
INFO: [ view_parse ] --END-- [ RunTime:0.010480s ]
INFO: [ view_filter ] --START--
INFO: Run Behavior\WriteHtmlCacheBehavior [ RunTime:0.001139s ]
INFO: [ view_filter ] --END-- [ RunTime:0.001254s ]
INFO: [ app_end ] --START--
INFO: Run Behavior\ShowPageTraceBehavior [ RunTime:0.001064s ]
INFO: [ app_end ] --END-- [ RunTime:0.001206s ]

[ 2017-05-06T21:01:39+08:00 ] ::1 /blog/index.php/Home/Public/Verify
INFO: [ app_init ] --START--
INFO: Run Behavior\BuildLiteBehavior [ RunTime:0.000027s ]
INFO: [ app_init ] --END-- [ RunTime:0.000601s ]
INFO: [ app_begin ] --START--
INFO: Run Behavior\ReadHtmlCacheBehavior [ RunTime:0.000925s ]
INFO: [ app_begin ] --END-- [ RunTime:0.001093s ]
INFO: [ app_end ] --START--
INFO: Run Behavior\ShowPageTraceBehavior [ RunTime:0.001059s ]
INFO: [ app_end ] --END-- [ RunTime:0.001188s ]

