[ 2017-05-07T09:09:44+08:00 ] ::1 /blog/index.php/Home/Login/login
INFO: [ app_init ] --START--
INFO: Run Behavior\BuildLiteBehavior [ RunTime:0.000054s ]
INFO: [ app_init ] --END-- [ RunTime:0.032704s ]
INFO: [ app_begin ] --START--
INFO: Run Behavior\ReadHtmlCacheBehavior [ RunTime:0.001492s ]
INFO: [ app_begin ] --END-- [ RunTime:0.001633s ]
INFO: [ view_parse ] --START--
INFO: [ template_filter ] --START--
INFO: Run Behavior\ContentReplaceBehavior [ RunTime:0.000080s ]
INFO: [ template_filter ] --END-- [ RunTime:0.000204s ]
INFO: Run Behavior\ParseTemplateBehavior [ RunTime:0.045739s ]
INFO: [ view_parse ] --END-- [ RunTime:0.045917s ]
INFO: [ view_filter ] --START--
INFO: Run Behavior\WriteHtmlCacheBehavior [ RunTime:0.049206s ]
INFO: [ view_filter ] --END-- [ RunTime:0.049350s ]
INFO: [ app_end ] --START--
INFO: Run Behavior\ShowPageTraceBehavior [ RunTime:0.001543s ]
INFO: [ app_end ] --END-- [ RunTime:0.001692s ]

[ 2017-05-07T09:09:45+08:00 ] ::1 /blog/index.php/Home/Public/Verify
INFO: [ app_init ] --START--
INFO: Run Behavior\BuildLiteBehavior [ RunTime:0.000025s ]
INFO: [ app_init ] --END-- [ RunTime:0.000574s ]
INFO: [ app_begin ] --START--
INFO: Run Behavior\ReadHtmlCacheBehavior [ RunTime:0.000880s ]
INFO: [ app_begin ] --END-- [ RunTime:0.001049s ]
INFO: [ app_end ] --START--
INFO: Run Behavior\ShowPageTraceBehavior [ RunTime:0.000978s ]
INFO: [ app_end ] --END-- [ RunTime:0.001141s ]

[ 2017-05-07T09:10:09+08:00 ] ::1 /blog/index.php/Home/Login/login
INFO: [ app_init ] --START--
INFO: Run Behavior\BuildLiteBehavior [ RunTime:0.000023s ]
INFO: [ app_init ] --END-- [ RunTime:0.000504s ]
INFO: [ app_begin ] --START--
INFO: Run Behavior\ReadHtmlCacheBehavior [ RunTime:0.000862s ]
INFO: [ app_begin ] --END-- [ RunTime:0.000967s ]
INFO: [ view_parse ] --START--
INFO: [ template_filter ] --START--
INFO: Run Behavior\ContentReplaceBehavior [ RunTime:0.000077s ]
INFO: [ template_filter ] --END-- [ RunTime:0.000199s ]
INFO: Run Behavior\ParseTemplateBehavior [ RunTime:0.007753s ]
INFO: [ view_parse ] --END-- [ RunTime:0.007883s ]
INFO: [ view_filter ] --START--
INFO: Run Behavior\WriteHtmlCacheBehavior [ RunTime:0.000423s ]
INFO: [ view_filter ] --END-- [ RunTime:0.000512s ]
INFO: [ app_end ] --START--
INFO: Run Behavior\ShowPageTraceBehavior [ RunTime:0.000682s ]
INFO: [ app_end ] --END-- [ RunTime:0.000774s ]

[ 2017-05-07T09:10:09+08:00 ] ::1 /blog/index.php/Home/Public/Verify
INFO: [ app_init ] --START--
INFO: Run Behavior\BuildLiteBehavior [ RunTime:0.000050s ]
INFO: [ app_init ] --END-- [ RunTime:0.000880s ]
INFO: [ app_begin ] --START--
INFO: Run Behavior\ReadHtmlCacheBehavior [ RunTime:0.000782s ]
INFO: [ app_begin ] --END-- [ RunTime:0.000940s ]
INFO: [ app_end ] --START--
INFO: Run Behavior\ShowPageTraceBehavior [ RunTime:0.000702s ]
INFO: [ app_end ] --END-- [ RunTime:0.000821s ]

[ 2017-05-07T09:12:25+08:00 ] ::1 /blog/index.php/Home/Login/dologin
INFO: [ app_init ] --START--
INFO: Run Behavior\BuildLiteBehavior [ RunTime:0.000022s ]
INFO: [ app_init ] --END-- [ RunTime:0.000635s ]
INFO: [ app_begin ] --START--
INFO: Run Behavior\ReadHtmlCacheBehavior [ RunTime:0.000737s ]
INFO: [ app_begin ] --END-- [ RunTime:0.000854s ]
NOTIC: [8] Undefined index: model G:\wamp\www\blog\Application\Home\Controller\LoginController.class.php 第 13 行.
SQL: SHOW COLUMNS FROM `thinkphp_user` [ RunTime:0.0686s ]
SQL: SELECT * FROM `thinkphp_user` WHERE `username` = 'Charlotte' AND `password` = '123456' LIMIT 1   [ RunTime:0.0011s ]
SQL: UPDATE `thinkphp_user` SET `username`='Charlotte',`password`='123456',`sex`='1',`age`='24',`birthday`='2017-02-19',`pic`='/blog/Public/Image/Pic/Charlotte/2017-04-26/58ff76768ff34.jpg',`mail`='347369743@qq.com',`phonenum`='18814182486',`desc`='我是吴彦祖',`sign`='我超喜欢美女',`online`='1',`reg_time`='100' WHERE `id` = 1 [ RunTime:0.0915s ]
INFO: [ view_parse ] --START--
INFO: [ template_filter ] --START--
INFO: Run Behavior\ContentReplaceBehavior [ RunTime:0.000065s ]
INFO: [ template_filter ] --END-- [ RunTime:0.000177s ]
INFO: Run Behavior\ParseTemplateBehavior [ RunTime:0.034226s ]
INFO: [ view_parse ] --END-- [ RunTime:0.034376s ]
INFO: [ view_filter ] --START--
INFO: Run Behavior\WriteHtmlCacheBehavior [ RunTime:0.000498s ]
INFO: [ view_filter ] --END-- [ RunTime:0.000593s ]
INFO: [ app_end ] --START--
INFO: Run Behavior\ShowPageTraceBehavior [ RunTime:0.000699s ]
INFO: [ app_end ] --END-- [ RunTime:0.000793s ]

[ 2017-05-07T09:12:28+08:00 ] ::1 /blog/index.php/Home/Index/index.html
INFO: [ app_init ] --START--
INFO: Run Behavior\BuildLiteBehavior [ RunTime:0.000023s ]
INFO: [ app_init ] --END-- [ RunTime:0.000488s ]
INFO: [ app_begin ] --START--
INFO: Run Behavior\ReadHtmlCacheBehavior [ RunTime:0.000600s ]
INFO: [ app_begin ] --END-- [ RunTime:0.000739s ]
NOTIC: [8] Undefined index: id G:\wamp\www\blog\Application\Home\Controller\IndexController.class.php 第 7 行.
SQL: SHOW COLUMNS FROM `thinkphp_article` [ RunTime:0.1377s ]
SQL: SELECT COUNT(*) AS tp_count FROM `thinkphp_article` WHERE ( author_id=1 ) LIMIT 1   [ RunTime:0.0014s ]
SQL: SELECT * FROM `thinkphp_article` WHERE ( author_id=1 ) ORDER BY release_time desc LIMIT 0,5   [ RunTime:0.0275s ]
SQL: SHOW COLUMNS FROM `thinkphp_user` [ RunTime:0.0137s ]
SQL: SELECT * FROM `thinkphp_user` WHERE ( id=1 ) LIMIT 1   [ RunTime:0.0011s ]
NOTIC: [2] Invalid argument supplied for foreach() G:\wamp\www\blog\ThinkPHP\Library\Think\Db\Driver.class.php 第 504 行.
SQL: SELECT * FROM `thinkphp_article` ORDER BY release_time desc LIMIT 10   [ RunTime:0.0104s ]
INFO: [ view_parse ] --START--
INFO: [ template_filter ] --START--
INFO: Run Behavior\ContentReplaceBehavior [ RunTime:0.000253s ]
INFO: [ template_filter ] --END-- [ RunTime:0.000517s ]
INFO: Run Behavior\ParseTemplateBehavior [ RunTime:0.122794s ]
INFO: [ view_parse ] --END-- [ RunTime:0.122979s ]
INFO: [ view_filter ] --START--
INFO: Run Behavior\WriteHtmlCacheBehavior [ RunTime:0.000432s ]
INFO: [ view_filter ] --END-- [ RunTime:0.000560s ]
INFO: [ app_end ] --START--
INFO: Run Behavior\ShowPageTraceBehavior [ RunTime:0.000718s ]
INFO: [ app_end ] --END-- [ RunTime:0.000846s ]

[ 2017-05-07T09:12:28+08:00 ] ::1 /blog/index.php/Home/Public/Verify
INFO: [ app_init ] --START--
INFO: Run Behavior\BuildLiteBehavior [ RunTime:0.000051s ]
INFO: [ app_init ] --END-- [ RunTime:0.001270s ]
INFO: [ app_begin ] --START--
INFO: Run Behavior\ReadHtmlCacheBehavior [ RunTime:0.000852s ]
INFO: [ app_begin ] --END-- [ RunTime:0.001045s ]
INFO: [ app_end ] --START--
INFO: Run Behavior\ShowPageTraceBehavior [ RunTime:0.000888s ]
INFO: [ app_end ] --END-- [ RunTime:0.001049s ]

[ 2017-05-07T09:12:29+08:00 ] ::1 /blog/index.php/Home/Common/common
INFO: [ app_init ] --START--
INFO: Run Behavior\BuildLiteBehavior [ RunTime:0.000023s ]
INFO: [ app_init ] --END-- [ RunTime:0.000519s ]
INFO: [ app_begin ] --START--
INFO: Run Behavior\ReadHtmlCacheBehavior [ RunTime:0.001144s ]
INFO: [ app_begin ] --END-- [ RunTime:0.001314s ]

[ 2017-05-07T09:19:56+08:00 ] ::1 /blog/index.php/Home/Article/article?id=9
INFO: [ app_init ] --START--
INFO: Run Behavior\BuildLiteBehavior [ RunTime:0.000041s ]
INFO: [ app_init ] --END-- [ RunTime:0.001620s ]
INFO: [ app_begin ] --START--
INFO: Run Behavior\ReadHtmlCacheBehavior [ RunTime:0.000821s ]
INFO: [ app_begin ] --END-- [ RunTime:0.000944s ]
SQL: SHOW COLUMNS FROM `thinkphp_comment` [ RunTime:0.1212s ]
SQL: SHOW COLUMNS FROM `thinkphp_user` [ RunTime:0.0109s ]
SQL: SELECT comment.id AS id,comment.article_id AS article_id,comment.time AS time,user.id AS Uid,user.pic AS pic FROM thinkphp_comment comment LEFT JOIN thinkphp_user user ON comment.from_uid=user.id WHERE ( article_id=9 ) ORDER BY comment.time desc LIMIT 8   [ RunTime:0.0020s ]
SQL: SHOW COLUMNS FROM `thinkphp_article` [ RunTime:0.0059s ]
SQL: SELECT article.id AS id,article.title AS title,article.content AS content,article.author_id AS author_id,article.picture AS picture,article.desc AS articledesc,article.release_time AS release_time,user.username AS username,user.pic AS pic,user.sex AS sex,user.age AS age,user.desc AS userdesc,user.sign AS sign FROM thinkphp_article article LEFT JOIN thinkphp_user user ON article.author_id=user.id WHERE article.id = '9' LIMIT 1   [ RunTime:0.0036s ]
SQL: SHOW COLUMNS FROM `thinkphp_favorite` [ RunTime:0.0249s ]
SQL: SELECT COUNT(*) AS tp_count FROM `thinkphp_favorite` WHERE `Lid` = 1 LIMIT 1   [ RunTime:0.0007s ]
SQL: SELECT article.id AS id,article.title AS title,article.content AS content,article.author_id AS author_id,article.picture AS picture,article.desc AS articledesc,article.release_time AS release_time,user.username AS username,user.pic AS pic,user.sex AS sex,user.age AS age,user.desc AS userdesc,user.sign AS sign FROM thinkphp_article article LEFT JOIN thinkphp_user user ON article.author_id=user.id WHERE ( author_id=1 ) ORDER BY article.release_time desc LIMIT 10   [ RunTime:0.0115s ]
SQL: SHOW COLUMNS FROM `thinkphp_comment` [ RunTime:0.0057s ]
SQL: SELECT COUNT(*) AS tp_count FROM `thinkphp_comment` WHERE `article_id` = 9 LIMIT 1   [ RunTime:0.0008s ]
SQL: SELECT * FROM `thinkphp_comment` WHERE `article_id` = 9 ORDER BY time asc LIMIT 0,8   [ RunTime:0.0011s ]
SQL: SHOW COLUMNS FROM `thinkphp_user` [ RunTime:0.0069s ]
SQL: SELECT `username`,`pic` FROM `thinkphp_user` WHERE ( 1=1 AND id='1' ) LIMIT 1   [ RunTime:0.0009s ]
SQL: SELECT `username`,`pic` FROM `thinkphp_user` WHERE ( 1=1 AND id='3' ) LIMIT 1   [ RunTime:0.0009s ]
SQL: SELECT `username`,`pic` FROM `thinkphp_user` WHERE ( 1=1 AND id='3' ) LIMIT 1   [ RunTime:0.0007s ]
SQL: SHOW COLUMNS FROM `thinkphp_reply` [ RunTime:0.0322s ]
SQL: SELECT reply.id AS id,reply.comment_id AS comment_id,reply.reply_id AS reply_id,reply.reply_type AS reply_type,reply.content AS content,reply.from_uid AS from_uid,reply.to_uid AS to_uid,reply.time AS time,user.username AS replyname,user.pic AS reply_pic,user1.username AS be_replyname,user1.pic AS be_replypic FROM thinkphp_reply reply LEFT JOIN thinkphp_user user ON user.id=reply.from_uid LEFT JOIN thinkphp_user user1 ON user1.id=reply.to_uid WHERE reply.comment_id = '5'  [ RunTime:0.0020s ]
SQL: SELECT reply.id AS id,reply.comment_id AS comment_id,reply.reply_id AS reply_id,reply.reply_type AS reply_type,reply.content AS content,reply.from_uid AS from_uid,reply.to_uid AS to_uid,reply.time AS time,user.username AS replyname,user.pic AS reply_pic,user1.username AS be_replyname,user1.pic AS be_replypic FROM thinkphp_reply reply LEFT JOIN thinkphp_user user ON user.id=reply.from_uid LEFT JOIN thinkphp_user user1 ON user1.id=reply.to_uid WHERE reply.comment_id = '6'  [ RunTime:0.0018s ]
SQL: SELECT reply.id AS id,reply.comment_id AS comment_id,reply.reply_id AS reply_id,reply.reply_type AS reply_type,reply.content AS content,reply.from_uid AS from_uid,reply.to_uid AS to_uid,reply.time AS time,user.username AS replyname,user.pic AS reply_pic,user1.username AS be_replyname,user1.pic AS be_replypic FROM thinkphp_reply reply LEFT JOIN thinkphp_user user ON user.id=reply.from_uid LEFT JOIN thinkphp_user user1 ON user1.id=reply.to_uid WHERE reply.comment_id = '7'  [ RunTime:0.0014s ]
INFO: [ view_parse ] --START--
INFO: [ template_filter ] --START--
INFO: Run Behavior\ContentReplaceBehavior [ RunTime:0.000166s ]
INFO: [ template_filter ] --END-- [ RunTime:0.000347s ]
NOTIC: [8] Undefined index: replylist G:\wamp\www\blog\Application\Runtime\Cache\Home\37d23b8de8b1006eeb4dee5f594561fd.php 第 141 行.
NOTIC: [8] Undefined index: replylist G:\wamp\www\blog\Application\Runtime\Cache\Home\37d23b8de8b1006eeb4dee5f594561fd.php 第 141 行.
NOTIC: [8] Undefined index: replylist G:\wamp\www\blog\Application\Runtime\Cache\Home\37d23b8de8b1006eeb4dee5f594561fd.php 第 141 行.
INFO: Run Behavior\ParseTemplateBehavior [ RunTime:0.079640s ]
INFO: [ view_parse ] --END-- [ RunTime:0.079842s ]
INFO: [ view_filter ] --START--
INFO: Run Behavior\WriteHtmlCacheBehavior [ RunTime:0.000712s ]
INFO: [ view_filter ] --END-- [ RunTime:0.000828s ]
INFO: [ app_end ] --START--
INFO: Run Behavior\ShowPageTraceBehavior [ RunTime:0.000874s ]
INFO: [ app_end ] --END-- [ RunTime:0.000997s ]

[ 2017-05-07T09:19:57+08:00 ] ::1 /blog/index.php/Home/Public/Verify
INFO: [ app_init ] --START--
INFO: Run Behavior\BuildLiteBehavior [ RunTime:0.000024s ]
INFO: [ app_init ] --END-- [ RunTime:0.000471s ]
INFO: [ app_begin ] --START--
INFO: Run Behavior\ReadHtmlCacheBehavior [ RunTime:0.000541s ]
INFO: [ app_begin ] --END-- [ RunTime:0.000642s ]
INFO: [ app_end ] --START--
INFO: Run Behavior\ShowPageTraceBehavior [ RunTime:0.001412s ]
INFO: [ app_end ] --END-- [ RunTime:0.001659s ]

[ 2017-05-07T09:19:57+08:00 ] ::1 /blog/index.php/Home/Common/common
INFO: [ app_init ] --START--
INFO: Run Behavior\BuildLiteBehavior [ RunTime:0.000037s ]
INFO: [ app_init ] --END-- [ RunTime:0.000697s ]
INFO: [ app_begin ] --START--
INFO: Run Behavior\ReadHtmlCacheBehavior [ RunTime:0.000609s ]
INFO: [ app_begin ] --END-- [ RunTime:0.000718s ]

[ 2017-05-07T09:21:14+08:00 ] ::1 /blog/index.php/Home/Moments/moments
INFO: [ app_init ] --START--
INFO: Run Behavior\BuildLiteBehavior [ RunTime:0.000022s ]
INFO: [ app_init ] --END-- [ RunTime:0.000491s ]
INFO: [ app_begin ] --START--
INFO: Run Behavior\ReadHtmlCacheBehavior [ RunTime:0.000497s ]
INFO: [ app_begin ] --END-- [ RunTime:0.000588s ]
SQL: SHOW COLUMNS FROM `thinkphp_moments` [ RunTime:0.0993s ]
SQL: SHOW COLUMNS FROM `thinkphp_friend` [ RunTime:0.0629s ]
SQL: SELECT `fid` FROM `thinkphp_friend` WHERE ( uid=1 )  [ RunTime:0.0009s ]
SQL: SELECT COUNT(*) AS tp_count FROM `thinkphp_moments` WHERE `authod_id` IN ('1','3') LIMIT 1   [ RunTime:0.0009s ]
SQL: SELECT * FROM `thinkphp_moments` WHERE `authod_id` IN ('1','3') ORDER BY time desc LIMIT 0,5   [ RunTime:0.0010s ]
SQL: SHOW COLUMNS FROM `thinkphp_mmtlove` [ RunTime:0.0558s ]
SQL: SELECT `Lover` FROM `thinkphp_mmtlove` WHERE ( 1=1 AND Cid='27' )  [ RunTime:0.0010s ]
SQL: SHOW COLUMNS FROM `thinkphp_user` [ RunTime:0.0062s ]
SQL: SELECT `username`,`pic` FROM `thinkphp_user` WHERE ( 1=1 AND id='3' ) LIMIT 1   [ RunTime:0.0007s ]
SQL: SHOW COLUMNS FROM `thinkphp_mmtmess` [ RunTime:0.0311s ]
SQL: SELECT `from_name`,`comments`,`is_reply`,`reply_name` FROM `thinkphp_mmtmess` WHERE ( 1=1 AND Cid='27' )  [ RunTime:0.0006s ]
SQL: SELECT `Lover` FROM `thinkphp_mmtlove` WHERE ( 1=1 AND Cid='26' )  [ RunTime:0.0004s ]
SQL: SELECT `username`,`pic` FROM `thinkphp_user` WHERE ( 1=1 AND id='1' ) LIMIT 1   [ RunTime:0.0004s ]
SQL: SELECT `from_name`,`comments`,`is_reply`,`reply_name` FROM `thinkphp_mmtmess` WHERE ( 1=1 AND Cid='26' )  [ RunTime:0.0005s ]
SQL: SELECT `Lover` FROM `thinkphp_mmtlove` WHERE ( 1=1 AND Cid='25' )  [ RunTime:0.0004s ]
SQL: SELECT `username`,`pic` FROM `thinkphp_user` WHERE ( 1=1 AND id='1' ) LIMIT 1   [ RunTime:0.0004s ]
SQL: SELECT `from_name`,`comments`,`is_reply`,`reply_name` FROM `thinkphp_mmtmess` WHERE ( 1=1 AND Cid='25' )  [ RunTime:0.0009s ]
SQL: SELECT `Lover` FROM `thinkphp_mmtlove` WHERE ( 1=1 AND Cid='24' )  [ RunTime:0.0006s ]
SQL: SELECT `username`,`pic` FROM `thinkphp_user` WHERE ( 1=1 AND id='1' ) LIMIT 1   [ RunTime:0.0006s ]
SQL: SELECT `from_name`,`comments`,`is_reply`,`reply_name` FROM `thinkphp_mmtmess` WHERE ( 1=1 AND Cid='24' )  [ RunTime:0.0006s ]
SQL: SELECT `Lover` FROM `thinkphp_mmtlove` WHERE ( 1=1 AND Cid='21' )  [ RunTime:0.0004s ]
SQL: SELECT `username`,`pic` FROM `thinkphp_user` WHERE ( 1=1 AND id='1' ) LIMIT 1   [ RunTime:0.0004s ]
SQL: SELECT `from_name`,`comments`,`is_reply`,`reply_name` FROM `thinkphp_mmtmess` WHERE ( 1=1 AND Cid='21' )  [ RunTime:0.0005s ]
SQL: SHOW COLUMNS FROM `thinkphp_user` [ RunTime:0.0056s ]
SQL: SELECT * FROM `thinkphp_user` WHERE ( id = 1 ) LIMIT 1   [ RunTime:0.0007s ]
INFO: [ view_parse ] --START--
INFO: [ template_filter ] --START--
INFO: Run Behavior\ContentReplaceBehavior [ RunTime:0.000120s ]
INFO: [ template_filter ] --END-- [ RunTime:0.000273s ]
INFO: Run Behavior\ParseTemplateBehavior [ RunTime:0.043250s ]
INFO: [ view_parse ] --END-- [ RunTime:0.043423s ]
INFO: [ view_filter ] --START--
INFO: Run Behavior\WriteHtmlCacheBehavior [ RunTime:0.000484s ]
INFO: [ view_filter ] --END-- [ RunTime:0.000573s ]
INFO: [ app_end ] --START--
INFO: Run Behavior\ShowPageTraceBehavior [ RunTime:0.000534s ]
INFO: [ app_end ] --END-- [ RunTime:0.000656s ]

[ 2017-05-07T09:21:15+08:00 ] ::1 /blog/index.php/Home/Userinfo/userinfo
INFO: [ app_init ] --START--
INFO: Run Behavior\BuildLiteBehavior [ RunTime:0.000023s ]
INFO: [ app_init ] --END-- [ RunTime:0.000549s ]
INFO: [ app_begin ] --START--
INFO: Run Behavior\ReadHtmlCacheBehavior [ RunTime:0.001073s ]
INFO: [ app_begin ] --END-- [ RunTime:0.001258s ]
SQL: SHOW COLUMNS FROM `thinkphp_user` [ RunTime:0.0156s ]
SQL: SELECT * FROM `thinkphp_user` WHERE ( id=1 ) LIMIT 1   [ RunTime:0.0020s ]
INFO: [ view_parse ] --START--
INFO: [ template_filter ] --START--
INFO: Run Behavior\ContentReplaceBehavior [ RunTime:0.000192s ]
INFO: [ template_filter ] --END-- [ RunTime:0.000363s ]
INFO: Run Behavior\ParseTemplateBehavior [ RunTime:0.052036s ]
INFO: [ view_parse ] --END-- [ RunTime:0.052391s ]
INFO: [ view_filter ] --START--
INFO: Run Behavior\WriteHtmlCacheBehavior [ RunTime:0.000733s ]
INFO: [ view_filter ] --END-- [ RunTime:0.000886s ]
INFO: [ app_end ] --START--
INFO: Run Behavior\ShowPageTraceBehavior [ RunTime:0.000975s ]
INFO: [ app_end ] --END-- [ RunTime:0.001115s ]

[ 2017-05-07T09:21:15+08:00 ] ::1 /blog/index.php/Home/Public/Verify
INFO: [ app_init ] --START--
INFO: Run Behavior\BuildLiteBehavior [ RunTime:0.000024s ]
INFO: [ app_init ] --END-- [ RunTime:0.000466s ]
INFO: [ app_begin ] --START--
INFO: Run Behavior\ReadHtmlCacheBehavior [ RunTime:0.000638s ]
INFO: [ app_begin ] --END-- [ RunTime:0.000783s ]
INFO: [ app_end ] --START--
INFO: Run Behavior\ShowPageTraceBehavior [ RunTime:0.001126s ]
INFO: [ app_end ] --END-- [ RunTime:0.001435s ]

[ 2017-05-07T09:21:15+08:00 ] ::1 /blog/index.php/Home/Common/common
INFO: [ app_init ] --START--
INFO: Run Behavior\BuildLiteBehavior [ RunTime:0.000034s ]
INFO: [ app_init ] --END-- [ RunTime:0.000686s ]
INFO: [ app_begin ] --START--
INFO: Run Behavior\ReadHtmlCacheBehavior [ RunTime:0.000919s ]
INFO: [ app_begin ] --END-- [ RunTime:0.001062s ]

[ 2017-05-07T09:21:15+08:00 ] ::1 /blog/index.php/Home/Public/Verify
INFO: [ app_init ] --START--
INFO: Run Behavior\BuildLiteBehavior [ RunTime:0.000027s ]
INFO: [ app_init ] --END-- [ RunTime:0.000644s ]
INFO: [ app_begin ] --START--
INFO: Run Behavior\ReadHtmlCacheBehavior [ RunTime:0.001442s ]
INFO: [ app_begin ] --END-- [ RunTime:0.001831s ]
INFO: [ app_end ] --START--
INFO: Run Behavior\ShowPageTraceBehavior [ RunTime:0.000881s ]
INFO: [ app_end ] --END-- [ RunTime:0.001035s ]

[ 2017-05-07T09:21:17+08:00 ] ::1 /blog/index.php/Home/Message/Have_new
INFO: [ app_init ] --START--
INFO: Run Behavior\BuildLiteBehavior [ RunTime:0.000041s ]
INFO: [ app_init ] --END-- [ RunTime:0.000876s ]
INFO: [ app_begin ] --START--
INFO: Run Behavior\ReadHtmlCacheBehavior [ RunTime:0.000761s ]
INFO: [ app_begin ] --END-- [ RunTime:0.000945s ]
SQL: SHOW COLUMNS FROM `thinkphp_addfriend` [ RunTime:0.1057s ]
SQL: SHOW COLUMNS FROM `thinkphp_user` [ RunTime:0.0123s ]
SQL: SELECT addfriend.id AS id,addfriend.send_id AS send_id,addfriend.receive_id AS receive_id,addfriend.state AS state,user.username AS username,user.pic AS pic FROM thinkphp_addfriend addfriend LEFT JOIN thinkphp_user user ON addfriend.send_id=user.id WHERE addfriend.receive_id = '1' AND addfriend.state = '0' LIMIT 1   [ RunTime:0.0007s ]

[ 2017-05-07T09:21:17+08:00 ] ::1 /blog/index.php/Home/Common/common
INFO: [ app_init ] --START--
INFO: Run Behavior\BuildLiteBehavior [ RunTime:0.000042s ]
INFO: [ app_init ] --END-- [ RunTime:0.000902s ]
INFO: [ app_begin ] --START--
INFO: Run Behavior\ReadHtmlCacheBehavior [ RunTime:0.001041s ]
INFO: [ app_begin ] --END-- [ RunTime:0.001214s ]

[ 2017-05-07T09:21:29+08:00 ] ::1 /blog/index.php/Home/Article/article?id=9
INFO: [ app_init ] --START--
INFO: Run Behavior\BuildLiteBehavior [ RunTime:0.000023s ]
INFO: [ app_init ] --END-- [ RunTime:0.000451s ]
INFO: [ app_begin ] --START--
INFO: Run Behavior\ReadHtmlCacheBehavior [ RunTime:0.000484s ]
INFO: [ app_begin ] --END-- [ RunTime:0.000581s ]
SQL: SHOW COLUMNS FROM `thinkphp_comment` [ RunTime:0.0197s ]
SQL: SHOW COLUMNS FROM `thinkphp_user` [ RunTime:0.0117s ]
SQL: SELECT comment.id AS id,comment.article_id AS article_id,comment.time AS time,user.id AS Uid,user.pic AS pic FROM thinkphp_comment comment LEFT JOIN thinkphp_user user ON comment.from_uid=user.id WHERE ( article_id=9 ) ORDER BY comment.time desc LIMIT 8   [ RunTime:0.0016s ]
SQL: SHOW COLUMNS FROM `thinkphp_article` [ RunTime:0.0087s ]
SQL: SELECT article.id AS id,article.title AS title,article.content AS content,article.author_id AS author_id,article.picture AS picture,article.desc AS articledesc,article.release_time AS release_time,user.username AS username,user.pic AS pic,user.sex AS sex,user.age AS age,user.desc AS userdesc,user.sign AS sign FROM thinkphp_article article LEFT JOIN thinkphp_user user ON article.author_id=user.id WHERE article.id = '9' LIMIT 1   [ RunTime:0.0032s ]
SQL: SHOW COLUMNS FROM `thinkphp_favorite` [ RunTime:0.0163s ]
SQL: SELECT COUNT(*) AS tp_count FROM `thinkphp_favorite` WHERE `Lid` = 1 LIMIT 1   [ RunTime:0.0010s ]
SQL: SELECT article.id AS id,article.title AS title,article.content AS content,article.author_id AS author_id,article.picture AS picture,article.desc AS articledesc,article.release_time AS release_time,user.username AS username,user.pic AS pic,user.sex AS sex,user.age AS age,user.desc AS userdesc,user.sign AS sign FROM thinkphp_article article LEFT JOIN thinkphp_user user ON article.author_id=user.id WHERE ( author_id=1 ) ORDER BY article.release_time desc LIMIT 10   [ RunTime:0.0137s ]
SQL: SHOW COLUMNS FROM `thinkphp_comment` [ RunTime:0.0133s ]
SQL: SELECT COUNT(*) AS tp_count FROM `thinkphp_comment` WHERE `article_id` = 9 LIMIT 1   [ RunTime:0.0038s ]
SQL: SELECT * FROM `thinkphp_comment` WHERE `article_id` = 9 ORDER BY time asc LIMIT 0,8   [ RunTime:0.0010s ]
SQL: SHOW COLUMNS FROM `thinkphp_user` [ RunTime:0.0128s ]
SQL: SELECT `username`,`pic` FROM `thinkphp_user` WHERE ( 1=1 AND id='1' ) LIMIT 1   [ RunTime:0.0018s ]
SQL: SELECT `username`,`pic` FROM `thinkphp_user` WHERE ( 1=1 AND id='3' ) LIMIT 1   [ RunTime:0.0011s ]
SQL: SELECT `username`,`pic` FROM `thinkphp_user` WHERE ( 1=1 AND id='3' ) LIMIT 1   [ RunTime:0.0012s ]
SQL: SHOW COLUMNS FROM `thinkphp_reply` [ RunTime:0.0064s ]
SQL: SELECT reply.id AS id,reply.comment_id AS comment_id,reply.reply_id AS reply_id,reply.reply_type AS reply_type,reply.content AS content,reply.from_uid AS from_uid,reply.to_uid AS to_uid,reply.time AS time,user.username AS replyname,user.pic AS reply_pic,user1.username AS be_replyname,user1.pic AS be_replypic FROM thinkphp_reply reply LEFT JOIN thinkphp_user user ON user.id=reply.from_uid LEFT JOIN thinkphp_user user1 ON user1.id=reply.to_uid WHERE reply.comment_id = '5'  [ RunTime:0.0016s ]
SQL: SELECT reply.id AS id,reply.comment_id AS comment_id,reply.reply_id AS reply_id,reply.reply_type AS reply_type,reply.content AS content,reply.from_uid AS from_uid,reply.to_uid AS to_uid,reply.time AS time,user.username AS replyname,user.pic AS reply_pic,user1.username AS be_replyname,user1.pic AS be_replypic FROM thinkphp_reply reply LEFT JOIN thinkphp_user user ON user.id=reply.from_uid LEFT JOIN thinkphp_user user1 ON user1.id=reply.to_uid WHERE reply.comment_id = '6'  [ RunTime:0.0016s ]
SQL: SELECT reply.id AS id,reply.comment_id AS comment_id,reply.reply_id AS reply_id,reply.reply_type AS reply_type,reply.content AS content,reply.from_uid AS from_uid,reply.to_uid AS to_uid,reply.time AS time,user.username AS replyname,user.pic AS reply_pic,user1.username AS be_replyname,user1.pic AS be_replypic FROM thinkphp_reply reply LEFT JOIN thinkphp_user user ON user.id=reply.from_uid LEFT JOIN thinkphp_user user1 ON user1.id=reply.to_uid WHERE reply.comment_id = '7'  [ RunTime:0.0026s ]
INFO: [ view_parse ] --START--
INFO: [ template_filter ] --START--
INFO: Run Behavior\ContentReplaceBehavior [ RunTime:0.000302s ]
INFO: [ template_filter ] --END-- [ RunTime:0.000626s ]
NOTIC: [8] Undefined index: replylist G:\wamp\www\blog\Application\Runtime\Cache\Home\37d23b8de8b1006eeb4dee5f594561fd.php 第 141 行.
NOTIC: [8] Undefined index: replylist G:\wamp\www\blog\Application\Runtime\Cache\Home\37d23b8de8b1006eeb4dee5f594561fd.php 第 141 行.
NOTIC: [8] Undefined index: replylist G:\wamp\www\blog\Application\Runtime\Cache\Home\37d23b8de8b1006eeb4dee5f594561fd.php 第 141 行.
INFO: Run Behavior\ParseTemplateBehavior [ RunTime:0.048939s ]
INFO: [ view_parse ] --END-- [ RunTime:0.049151s ]
INFO: [ view_filter ] --START--
INFO: Run Behavior\WriteHtmlCacheBehavior [ RunTime:0.000981s ]
INFO: [ view_filter ] --END-- [ RunTime:0.001149s ]
INFO: [ app_end ] --START--
INFO: Run Behavior\ShowPageTraceBehavior [ RunTime:0.001224s ]
INFO: [ app_end ] --END-- [ RunTime:0.001449s ]

[ 2017-05-07T09:21:30+08:00 ] ::1 /blog/index.php/Home/Public/Verify
INFO: [ app_init ] --START--
INFO: Run Behavior\BuildLiteBehavior [ RunTime:0.000047s ]
INFO: [ app_init ] --END-- [ RunTime:0.001020s ]
INFO: [ app_begin ] --START--
INFO: Run Behavior\ReadHtmlCacheBehavior [ RunTime:0.002243s ]
INFO: [ app_begin ] --END-- [ RunTime:0.002543s ]
INFO: [ app_end ] --START--
INFO: Run Behavior\ShowPageTraceBehavior [ RunTime:0.000935s ]
INFO: [ app_end ] --END-- [ RunTime:0.001144s ]

[ 2017-05-07T09:21:30+08:00 ] ::1 /blog/index.php/Home/Common/common
INFO: [ app_init ] --START--
INFO: Run Behavior\BuildLiteBehavior [ RunTime:0.000040s ]
INFO: [ app_init ] --END-- [ RunTime:0.000740s ]
INFO: [ app_begin ] --START--
INFO: Run Behavior\ReadHtmlCacheBehavior [ RunTime:0.000896s ]
INFO: [ app_begin ] --END-- [ RunTime:0.001070s ]

[ 2017-05-07T09:23:24+08:00 ] ::1 /blog/index.php/Home/Userinfo/userinfo
INFO: [ app_init ] --START--
INFO: Run Behavior\BuildLiteBehavior [ RunTime:0.000031s ]
INFO: [ app_init ] --END-- [ RunTime:0.000781s ]
INFO: [ app_begin ] --START--
INFO: Run Behavior\ReadHtmlCacheBehavior [ RunTime:0.000735s ]
INFO: [ app_begin ] --END-- [ RunTime:0.000853s ]
SQL: SHOW COLUMNS FROM `thinkphp_user` [ RunTime:0.0058s ]
SQL: SELECT * FROM `thinkphp_user` WHERE ( id=1 ) LIMIT 1   [ RunTime:0.0007s ]
INFO: [ view_parse ] --START--
INFO: [ template_filter ] --START--
INFO: Run Behavior\ContentReplaceBehavior [ RunTime:0.000137s ]
INFO: [ template_filter ] --END-- [ RunTime:0.000303s ]
INFO: Run Behavior\ParseTemplateBehavior [ RunTime:0.011712s ]
INFO: [ view_parse ] --END-- [ RunTime:0.011840s ]
INFO: [ view_filter ] --START--
INFO: Run Behavior\WriteHtmlCacheBehavior [ RunTime:0.000543s ]
INFO: [ view_filter ] --END-- [ RunTime:0.000634s ]
INFO: [ app_end ] --START--
INFO: Run Behavior\ShowPageTraceBehavior [ RunTime:0.000874s ]
INFO: [ app_end ] --END-- [ RunTime:0.000974s ]

[ 2017-05-07T09:23:24+08:00 ] ::1 /blog/index.php/Home/Public/Verify
INFO: [ app_init ] --START--
INFO: Run Behavior\BuildLiteBehavior [ RunTime:0.000041s ]
INFO: [ app_init ] --END-- [ RunTime:0.000802s ]
INFO: [ app_begin ] --START--
INFO: Run Behavior\ReadHtmlCacheBehavior [ RunTime:0.000901s ]
INFO: [ app_begin ] --END-- [ RunTime:0.001055s ]
INFO: [ app_end ] --START--
INFO: Run Behavior\ShowPageTraceBehavior [ RunTime:0.000753s ]
INFO: [ app_end ] --END-- [ RunTime:0.000872s ]

[ 2017-05-07T09:23:25+08:00 ] ::1 /blog/index.php/Home/Common/common
INFO: [ app_init ] --START--
INFO: Run Behavior\BuildLiteBehavior [ RunTime:0.000214s ]
INFO: [ app_init ] --END-- [ RunTime:0.000949s ]
INFO: [ app_begin ] --START--
INFO: Run Behavior\ReadHtmlCacheBehavior [ RunTime:0.000843s ]
INFO: [ app_begin ] --END-- [ RunTime:0.001065s ]

[ 2017-05-07T09:23:26+08:00 ] ::1 /blog/index.php/Home/Message/Have_new
INFO: [ app_init ] --START--
INFO: Run Behavior\BuildLiteBehavior [ RunTime:0.000027s ]
INFO: [ app_init ] --END-- [ RunTime:0.000786s ]
INFO: [ app_begin ] --START--
INFO: Run Behavior\ReadHtmlCacheBehavior [ RunTime:0.000842s ]
INFO: [ app_begin ] --END-- [ RunTime:0.000959s ]
SQL: SHOW COLUMNS FROM `thinkphp_addfriend` [ RunTime:0.0123s ]
SQL: SHOW COLUMNS FROM `thinkphp_user` [ RunTime:0.0149s ]
SQL: SELECT addfriend.id AS id,addfriend.send_id AS send_id,addfriend.receive_id AS receive_id,addfriend.state AS state,user.username AS username,user.pic AS pic FROM thinkphp_addfriend addfriend LEFT JOIN thinkphp_user user ON addfriend.send_id=user.id WHERE addfriend.receive_id = '1' AND addfriend.state = '0' LIMIT 1   [ RunTime:0.0014s ]

[ 2017-05-07T09:53:57+08:00 ] ::1 /blog/index.php/Home/Login/logout
INFO: [ app_init ] --START--
INFO: Run Behavior\BuildLiteBehavior [ RunTime:0.000027s ]
INFO: [ app_init ] --END-- [ RunTime:0.000582s ]
INFO: [ app_begin ] --START--
INFO: Run Behavior\ReadHtmlCacheBehavior [ RunTime:0.000752s ]
INFO: [ app_begin ] --END-- [ RunTime:0.000881s ]
SQL: SHOW COLUMNS FROM `thinkphp_user` [ RunTime:0.0162s ]
SQL: SELECT * FROM `thinkphp_user` WHERE `id` = 1 LIMIT 1   [ RunTime:0.0028s ]
SQL: UPDATE `thinkphp_user` SET `username`='Charlotte',`password`='123456',`sex`='1',`age`='24',`birthday`='2017-02-19',`pic`='/blog/Public/Image/Pic/Charlotte/2017-04-26/58ff76768ff34.jpg',`mail`='347369743@qq.com',`phonenum`='18814182486',`desc`='我是吴彦祖',`sign`='我超喜欢美女',`online`='0',`reg_time`='100' WHERE `id` = 1 [ RunTime:0.1842s ]

[ 2017-05-07T09:53:57+08:00 ] ::1 /blog/index.php/Home/Index/index.html
INFO: [ app_init ] --START--
INFO: Run Behavior\BuildLiteBehavior [ RunTime:0.000035s ]
INFO: [ app_init ] --END-- [ RunTime:0.000732s ]
INFO: [ app_begin ] --START--
INFO: Run Behavior\ReadHtmlCacheBehavior [ RunTime:0.001681s ]
INFO: [ app_begin ] --END-- [ RunTime:0.002022s ]
NOTIC: [8] Undefined index: id G:\wamp\www\blog\Application\Home\Controller\IndexController.class.php 第 7 行.
NOTIC: [8] Undefined index: id G:\wamp\www\blog\Application\Home\Controller\IndexController.class.php 第 9 行.
INFO: [ view_parse ] --START--
INFO: [ template_filter ] --START--
INFO: Run Behavior\ContentReplaceBehavior [ RunTime:0.000104s ]
INFO: [ template_filter ] --END-- [ RunTime:0.000296s ]
INFO: Run Behavior\ParseTemplateBehavior [ RunTime:0.014013s ]
INFO: [ view_parse ] --END-- [ RunTime:0.014244s ]
INFO: [ view_filter ] --START--
INFO: Run Behavior\WriteHtmlCacheBehavior [ RunTime:0.000918s ]
INFO: [ view_filter ] --END-- [ RunTime:0.001066s ]

[ 2017-05-07T09:54:00+08:00 ] ::1 /blog/index.php/Home/Login/login.html
INFO: [ app_init ] --START--
INFO: Run Behavior\BuildLiteBehavior [ RunTime:0.000052s ]
INFO: [ app_init ] --END-- [ RunTime:0.001324s ]
INFO: [ app_begin ] --START--
INFO: Run Behavior\ReadHtmlCacheBehavior [ RunTime:0.001627s ]
INFO: [ app_begin ] --END-- [ RunTime:0.001920s ]
INFO: [ view_parse ] --START--
INFO: [ template_filter ] --START--
INFO: Run Behavior\ContentReplaceBehavior [ RunTime:0.000185s ]
INFO: [ template_filter ] --END-- [ RunTime:0.000523s ]
INFO: Run Behavior\ParseTemplateBehavior [ RunTime:0.016948s ]
INFO: [ view_parse ] --END-- [ RunTime:0.017312s ]
INFO: [ view_filter ] --START--
INFO: Run Behavior\WriteHtmlCacheBehavior [ RunTime:0.001226s ]
INFO: [ view_filter ] --END-- [ RunTime:0.001467s ]
INFO: [ app_end ] --START--
INFO: Run Behavior\ShowPageTraceBehavior [ RunTime:0.002126s ]
INFO: [ app_end ] --END-- [ RunTime:0.002426s ]

[ 2017-05-07T09:54:00+08:00 ] ::1 /blog/index.php/Home/Public/Verify
INFO: [ app_init ] --START--
INFO: Run Behavior\BuildLiteBehavior [ RunTime:0.000055s ]
INFO: [ app_init ] --END-- [ RunTime:0.000995s ]
INFO: [ app_begin ] --START--
INFO: Run Behavior\ReadHtmlCacheBehavior [ RunTime:0.007984s ]
INFO: [ app_begin ] --END-- [ RunTime:0.008287s ]
INFO: [ app_end ] --START--
INFO: Run Behavior\ShowPageTraceBehavior [ RunTime:0.002834s ]
INFO: [ app_end ] --END-- [ RunTime:0.003194s ]

[ 2017-05-07T09:55:40+08:00 ] ::1 /blog/index.php/Home/Login/login.html
INFO: [ app_init ] --START--
INFO: Run Behavior\BuildLiteBehavior [ RunTime:0.000052s ]
INFO: [ app_init ] --END-- [ RunTime:0.001331s ]
INFO: [ app_begin ] --START--
INFO: Run Behavior\ReadHtmlCacheBehavior [ RunTime:0.001270s ]
INFO: [ app_begin ] --END-- [ RunTime:0.001464s ]
INFO: [ view_parse ] --START--
INFO: [ template_filter ] --START--
INFO: Run Behavior\ContentReplaceBehavior [ RunTime:0.000106s ]
INFO: [ template_filter ] --END-- [ RunTime:0.000281s ]
INFO: Run Behavior\ParseTemplateBehavior [ RunTime:0.009838s ]
INFO: [ view_parse ] --END-- [ RunTime:0.010038s ]
INFO: [ view_filter ] --START--
INFO: Run Behavior\WriteHtmlCacheBehavior [ RunTime:0.000697s ]
INFO: [ view_filter ] --END-- [ RunTime:0.000839s ]
INFO: [ app_end ] --START--
INFO: Run Behavior\ShowPageTraceBehavior [ RunTime:0.000963s ]
INFO: [ app_end ] --END-- [ RunTime:0.001111s ]

[ 2017-05-07T09:55:41+08:00 ] ::1 /blog/index.php/Home/Public/Verify
INFO: [ app_init ] --START--
INFO: Run Behavior\BuildLiteBehavior [ RunTime:0.000037s ]
INFO: [ app_init ] --END-- [ RunTime:0.000716s ]
INFO: [ app_begin ] --START--
INFO: Run Behavior\ReadHtmlCacheBehavior [ RunTime:0.000929s ]
INFO: [ app_begin ] --END-- [ RunTime:0.001112s ]
INFO: [ app_end ] --START--
INFO: Run Behavior\ShowPageTraceBehavior [ RunTime:0.001918s ]
INFO: [ app_end ] --END-- [ RunTime:0.002290s ]

[ 2017-05-07T09:58:59+08:00 ] ::1 /blog/index.php/Home/Login/login.html
INFO: [ app_init ] --START--
INFO: Run Behavior\BuildLiteBehavior [ RunTime:0.000024s ]
INFO: [ app_init ] --END-- [ RunTime:0.000551s ]
INFO: [ app_begin ] --START--
INFO: Run Behavior\ReadHtmlCacheBehavior [ RunTime:0.000987s ]
INFO: [ app_begin ] --END-- [ RunTime:0.001090s ]
INFO: [ view_parse ] --START--
INFO: [ template_filter ] --START--
INFO: Run Behavior\ContentReplaceBehavior [ RunTime:0.000080s ]
INFO: [ template_filter ] --END-- [ RunTime:0.000203s ]
INFO: Run Behavior\ParseTemplateBehavior [ RunTime:0.007859s ]
INFO: [ view_parse ] --END-- [ RunTime:0.008014s ]
INFO: [ view_filter ] --START--
INFO: Run Behavior\WriteHtmlCacheBehavior [ RunTime:0.000495s ]
INFO: [ view_filter ] --END-- [ RunTime:0.000589s ]
INFO: [ app_end ] --START--
INFO: Run Behavior\ShowPageTraceBehavior [ RunTime:0.001005s ]
INFO: [ app_end ] --END-- [ RunTime:0.001106s ]

[ 2017-05-07T09:58:59+08:00 ] ::1 /blog/index.php/Home/Public/Verify
INFO: [ app_init ] --START--
INFO: Run Behavior\BuildLiteBehavior [ RunTime:0.000025s ]
INFO: [ app_init ] --END-- [ RunTime:0.000589s ]
INFO: [ app_begin ] --START--
INFO: Run Behavior\ReadHtmlCacheBehavior [ RunTime:0.000580s ]
INFO: [ app_begin ] --END-- [ RunTime:0.000685s ]
INFO: [ app_end ] --START--
INFO: Run Behavior\ShowPageTraceBehavior [ RunTime:0.000688s ]
INFO: [ app_end ] --END-- [ RunTime:0.000814s ]

[ 2017-05-07T10:04:30+08:00 ] ::1 /blog/index.php/Home/Login/dologin
INFO: [ app_init ] --START--
INFO: Run Behavior\BuildLiteBehavior [ RunTime:0.000022s ]
INFO: [ app_init ] --END-- [ RunTime:0.000473s ]
INFO: [ app_begin ] --START--
INFO: Run Behavior\ReadHtmlCacheBehavior [ RunTime:0.000630s ]
INFO: [ app_begin ] --END-- [ RunTime:0.000722s ]
NOTIC: [8] Undefined index: model G:\wamp\www\blog\Application\Home\Controller\LoginController.class.php 第 13 行.
SQL: SHOW COLUMNS FROM `thinkphp_user` [ RunTime:0.0196s ]
SQL: SELECT * FROM `thinkphp_user` WHERE `username` = 'Charlotte' AND `password` = '123456' LIMIT 1   [ RunTime:0.0033s ]
SQL: UPDATE `thinkphp_user` SET `username`='Charlotte',`password`='123456',`sex`='1',`age`='24',`birthday`='2017-02-19',`pic`='/blog/Public/Image/Pic/Charlotte/2017-04-26/58ff76768ff34.jpg',`mail`='347369743@qq.com',`phonenum`='18814182486',`desc`='我是吴彦祖',`sign`='我超喜欢美女',`online`='1',`reg_time`='100' WHERE `id` = 1 [ RunTime:0.1696s ]
INFO: [ view_parse ] --START--
INFO: [ template_filter ] --START--
INFO: Run Behavior\ContentReplaceBehavior [ RunTime:0.000156s ]
INFO: [ template_filter ] --END-- [ RunTime:0.000496s ]
INFO: Run Behavior\ParseTemplateBehavior [ RunTime:0.021179s ]
INFO: [ view_parse ] --END-- [ RunTime:0.021477s ]
INFO: [ view_filter ] --START--
INFO: Run Behavior\WriteHtmlCacheBehavior [ RunTime:0.002793s ]
INFO: [ view_filter ] --END-- [ RunTime:0.003199s ]
INFO: [ app_end ] --START--
INFO: Run Behavior\ShowPageTraceBehavior [ RunTime:0.002159s ]
INFO: [ app_end ] --END-- [ RunTime:0.002543s ]

[ 2017-05-07T10:04:32+08:00 ] ::1 /blog/index.php/Home/Index/index.html
INFO: [ app_init ] --START--
INFO: Run Behavior\BuildLiteBehavior [ RunTime:0.000054s ]
INFO: [ app_init ] --END-- [ RunTime:0.001382s ]
INFO: [ app_begin ] --START--
INFO: Run Behavior\ReadHtmlCacheBehavior [ RunTime:0.001262s ]
INFO: [ app_begin ] --END-- [ RunTime:0.001511s ]
NOTIC: [8] Undefined index: id G:\wamp\www\blog\Application\Home\Controller\IndexController.class.php 第 7 行.
SQL: SHOW COLUMNS FROM `thinkphp_article` [ RunTime:0.0131s ]
SQL: SELECT COUNT(*) AS tp_count FROM `thinkphp_article` WHERE ( author_id=1 ) LIMIT 1   [ RunTime:0.0012s ]
SQL: SELECT * FROM `thinkphp_article` WHERE ( author_id=1 ) ORDER BY release_time desc LIMIT 0,5   [ RunTime:0.0206s ]
SQL: SHOW COLUMNS FROM `thinkphp_user` [ RunTime:0.0132s ]
SQL: SELECT * FROM `thinkphp_user` WHERE ( id=1 ) LIMIT 1   [ RunTime:0.0012s ]
NOTIC: [2] Invalid argument supplied for foreach() G:\wamp\www\blog\ThinkPHP\Library\Think\Db\Driver.class.php 第 504 行.
SQL: SELECT * FROM `thinkphp_article` ORDER BY release_time desc LIMIT 10   [ RunTime:0.0351s ]
INFO: [ view_parse ] --START--
INFO: [ template_filter ] --START--
INFO: Run Behavior\ContentReplaceBehavior [ RunTime:0.000168s ]
INFO: [ template_filter ] --END-- [ RunTime:0.000337s ]
INFO: Run Behavior\ParseTemplateBehavior [ RunTime:0.019838s ]
INFO: [ view_parse ] --END-- [ RunTime:0.020006s ]
INFO: [ view_filter ] --START--
INFO: Run Behavior\WriteHtmlCacheBehavior [ RunTime:0.000703s ]
INFO: [ view_filter ] --END-- [ RunTime:0.000834s ]
INFO: [ app_end ] --START--
INFO: Run Behavior\ShowPageTraceBehavior [ RunTime:0.000734s ]
INFO: [ app_end ] --END-- [ RunTime:0.000867s ]

[ 2017-05-07T10:04:32+08:00 ] ::1 /blog/index.php/Home/Public/Verify
INFO: [ app_init ] --START--
INFO: Run Behavior\BuildLiteBehavior [ RunTime:0.000025s ]
INFO: [ app_init ] --END-- [ RunTime:0.000453s ]
INFO: [ app_begin ] --START--
INFO: Run Behavior\ReadHtmlCacheBehavior [ RunTime:0.000567s ]
INFO: [ app_begin ] --END-- [ RunTime:0.000671s ]
INFO: [ app_end ] --START--
INFO: Run Behavior\ShowPageTraceBehavior [ RunTime:0.001037s ]
INFO: [ app_end ] --END-- [ RunTime:0.001230s ]

[ 2017-05-07T10:04:33+08:00 ] ::1 /blog/index.php/Home/Common/common
INFO: [ app_init ] --START--
INFO: Run Behavior\BuildLiteBehavior [ RunTime:0.000024s ]
INFO: [ app_init ] --END-- [ RunTime:0.000551s ]
INFO: [ app_begin ] --START--
INFO: Run Behavior\ReadHtmlCacheBehavior [ RunTime:0.000729s ]
INFO: [ app_begin ] --END-- [ RunTime:0.000869s ]

[ 2017-05-07T10:08:44+08:00 ] ::1 /blog/index.php/Home/Userinfo/userinfo
INFO: [ app_init ] --START--
INFO: Run Behavior\BuildLiteBehavior [ RunTime:0.000026s ]
INFO: [ app_init ] --END-- [ RunTime:0.000598s ]
INFO: [ app_begin ] --START--
INFO: Run Behavior\ReadHtmlCacheBehavior [ RunTime:0.000865s ]
INFO: [ app_begin ] --END-- [ RunTime:0.000979s ]
SQL: SHOW COLUMNS FROM `thinkphp_user` [ RunTime:0.0180s ]
SQL: SELECT * FROM `thinkphp_user` WHERE ( id=1 ) LIMIT 1   [ RunTime:0.0022s ]
INFO: [ view_parse ] --START--
INFO: [ template_filter ] --START--
INFO: Run Behavior\ContentReplaceBehavior [ RunTime:0.000334s ]
INFO: [ template_filter ] --END-- [ RunTime:0.000663s ]
INFO: Run Behavior\ParseTemplateBehavior [ RunTime:0.034353s ]
INFO: [ view_parse ] --END-- [ RunTime:0.034764s ]
INFO: [ view_filter ] --START--
INFO: Run Behavior\WriteHtmlCacheBehavior [ RunTime:0.001331s ]
INFO: [ view_filter ] --END-- [ RunTime:0.001562s ]
INFO: [ app_end ] --START--
INFO: Run Behavior\ShowPageTraceBehavior [ RunTime:0.001214s ]
INFO: [ app_end ] --END-- [ RunTime:0.001474s ]

[ 2017-05-07T10:08:45+08:00 ] ::1 /blog/index.php/Home/Public/Verify
INFO: [ app_init ] --START--
INFO: Run Behavior\BuildLiteBehavior [ RunTime:0.000042s ]
INFO: [ app_init ] --END-- [ RunTime:0.000740s ]
INFO: [ app_begin ] --START--
INFO: Run Behavior\ReadHtmlCacheBehavior [ RunTime:0.000878s ]
INFO: [ app_begin ] --END-- [ RunTime:0.001083s ]
INFO: [ app_end ] --START--
INFO: Run Behavior\ShowPageTraceBehavior [ RunTime:0.001731s ]
INFO: [ app_end ] --END-- [ RunTime:0.001981s ]

[ 2017-05-07T10:08:45+08:00 ] ::1 /blog/index.php/Home/Common/common
INFO: [ app_init ] --START--
INFO: Run Behavior\BuildLiteBehavior [ RunTime:0.000042s ]
INFO: [ app_init ] --END-- [ RunTime:0.000798s ]
INFO: [ app_begin ] --START--
INFO: Run Behavior\ReadHtmlCacheBehavior [ RunTime:0.001082s ]
INFO: [ app_begin ] --END-- [ RunTime:0.001255s ]

[ 2017-05-07T10:08:46+08:00 ] ::1 /blog/index.php/Home/Message/Have_new
INFO: [ app_init ] --START--
INFO: Run Behavior\BuildLiteBehavior [ RunTime:0.000042s ]
INFO: [ app_init ] --END-- [ RunTime:0.000900s ]
INFO: [ app_begin ] --START--
INFO: Run Behavior\ReadHtmlCacheBehavior [ RunTime:0.001024s ]
INFO: [ app_begin ] --END-- [ RunTime:0.001196s ]
SQL: SHOW COLUMNS FROM `thinkphp_addfriend` [ RunTime:0.0330s ]
SQL: SHOW COLUMNS FROM `thinkphp_user` [ RunTime:0.0136s ]
SQL: SELECT addfriend.id AS id,addfriend.send_id AS send_id,addfriend.receive_id AS receive_id,addfriend.state AS state,user.username AS username,user.pic AS pic FROM thinkphp_addfriend addfriend LEFT JOIN thinkphp_user user ON addfriend.send_id=user.id WHERE addfriend.receive_id = '1' AND addfriend.state = '0' LIMIT 1   [ RunTime:0.0013s ]

[ 2017-05-07T10:08:50+08:00 ] ::1 /blog/index.php/Home/Myarticle/myarticle
INFO: [ app_init ] --START--
INFO: Run Behavior\BuildLiteBehavior [ RunTime:0.000027s ]
INFO: [ app_init ] --END-- [ RunTime:0.000699s ]
INFO: [ app_begin ] --START--
INFO: Run Behavior\ReadHtmlCacheBehavior [ RunTime:0.000826s ]
INFO: [ app_begin ] --END-- [ RunTime:0.000956s ]
NOTIC: [2048] Declaration of Home\Controller\MyarticleController::show() should be compatible with that of Think\Controller::show() G:\wamp\www\blog\Application\Home\Controller\MyarticleController.class.php 第 5 行.
SQL: SHOW COLUMNS FROM `thinkphp_article` [ RunTime:0.0157s ]
SQL: SHOW COLUMNS FROM `thinkphp_user` [ RunTime:0.0148s ]
SQL: SELECT COUNT(*) AS tp_count FROM thinkphp_article article LEFT JOIN thinkphp_user user ON article.author_id=user.id WHERE article.author_id = '1' LIMIT 1   [ RunTime:0.0015s ]
SQL: SELECT article.id AS id,article.title AS title,article.kind AS kind,article.release_time AS release_time,article.author_id AS author_id,user.id AS userid,user.username AS username FROM thinkphp_article article LEFT JOIN thinkphp_user user ON article.author_id=user.id WHERE article.author_id = '1' ORDER BY article.release_time desc LIMIT 0,10   [ RunTime:0.0024s ]
INFO: [ view_parse ] --START--
INFO: [ template_filter ] --START--
INFO: Run Behavior\ContentReplaceBehavior [ RunTime:0.000278s ]
INFO: [ template_filter ] --END-- [ RunTime:0.000647s ]
INFO: Run Behavior\ParseTemplateBehavior [ RunTime:0.155015s ]
INFO: [ view_parse ] --END-- [ RunTime:0.155303s ]
INFO: [ view_filter ] --START--
INFO: Run Behavior\WriteHtmlCacheBehavior [ RunTime:0.001417s ]
INFO: [ view_filter ] --END-- [ RunTime:0.001650s ]
INFO: [ app_end ] --START--
INFO: Run Behavior\ShowPageTraceBehavior [ RunTime:0.001582s ]
INFO: [ app_end ] --END-- [ RunTime:0.001849s ]

[ 2017-05-07T10:08:50+08:00 ] ::1 /blog/index.php/Home/Public/Verify
INFO: [ app_init ] --START--
INFO: Run Behavior\BuildLiteBehavior [ RunTime:0.000025s ]
INFO: [ app_init ] --END-- [ RunTime:0.000538s ]
INFO: [ app_begin ] --START--
INFO: Run Behavior\ReadHtmlCacheBehavior [ RunTime:0.000745s ]
INFO: [ app_begin ] --END-- [ RunTime:0.000874s ]
INFO: [ app_end ] --START--
INFO: Run Behavior\ShowPageTraceBehavior [ RunTime:0.001540s ]
INFO: [ app_end ] --END-- [ RunTime:0.001718s ]

[ 2017-05-07T10:08:51+08:00 ] ::1 /blog/index.php/Home/Common/common
INFO: [ app_init ] --START--
INFO: Run Behavior\BuildLiteBehavior [ RunTime:0.000040s ]
INFO: [ app_init ] --END-- [ RunTime:0.000682s ]
INFO: [ app_begin ] --START--
INFO: Run Behavior\ReadHtmlCacheBehavior [ RunTime:0.000838s ]
INFO: [ app_begin ] --END-- [ RunTime:0.001015s ]

[ 2017-05-07T10:08:52+08:00 ] ::1 /blog/index.php/Home/Message/Have_new
INFO: [ app_init ] --START--
INFO: Run Behavior\BuildLiteBehavior [ RunTime:0.000036s ]
INFO: [ app_init ] --END-- [ RunTime:0.000679s ]
INFO: [ app_begin ] --START--
INFO: Run Behavior\ReadHtmlCacheBehavior [ RunTime:0.000853s ]
INFO: [ app_begin ] --END-- [ RunTime:0.001029s ]
SQL: SHOW COLUMNS FROM `thinkphp_addfriend` [ RunTime:0.0128s ]
SQL: SHOW COLUMNS FROM `thinkphp_user` [ RunTime:0.0151s ]
SQL: SELECT addfriend.id AS id,addfriend.send_id AS send_id,addfriend.receive_id AS receive_id,addfriend.state AS state,user.username AS username,user.pic AS pic FROM thinkphp_addfriend addfriend LEFT JOIN thinkphp_user user ON addfriend.send_id=user.id WHERE addfriend.receive_id = '1' AND addfriend.state = '0' LIMIT 1   [ RunTime:0.0021s ]

[ 2017-05-07T10:09:06+08:00 ] ::1 /blog/index.php/Home/Myarticle/show
INFO: [ app_init ] --START--
INFO: Run Behavior\BuildLiteBehavior [ RunTime:0.000045s ]
INFO: [ app_init ] --END-- [ RunTime:0.000920s ]
INFO: [ app_begin ] --START--
INFO: Run Behavior\ReadHtmlCacheBehavior [ RunTime:0.000973s ]
INFO: [ app_begin ] --END-- [ RunTime:0.001170s ]
NOTIC: [2048] Declaration of Home\Controller\MyarticleController::show() should be compatible with that of Think\Controller::show() G:\wamp\www\blog\Application\Home\Controller\MyarticleController.class.php 第 5 行.
SQL: SHOW COLUMNS FROM `thinkphp_article` [ RunTime:0.0124s ]
SQL: SELECT * FROM `thinkphp_article` WHERE ( id=16 ) LIMIT 1   [ RunTime:0.0021s ]

[ 2017-05-07T10:10:54+08:00 ] ::1 /blog/index.php/Home/Article/article?id=16
INFO: [ app_init ] --START--
INFO: Run Behavior\BuildLiteBehavior [ RunTime:0.000026s ]
INFO: [ app_init ] --END-- [ RunTime:0.000634s ]
INFO: [ app_begin ] --START--
INFO: Run Behavior\ReadHtmlCacheBehavior [ RunTime:0.001979s ]
INFO: [ app_begin ] --END-- [ RunTime:0.002233s ]
SQL: SHOW COLUMNS FROM `thinkphp_comment` [ RunTime:0.0138s ]
SQL: SHOW COLUMNS FROM `thinkphp_user` [ RunTime:0.0146s ]
SQL: SELECT comment.id AS id,comment.article_id AS article_id,comment.time AS time,user.id AS Uid,user.pic AS pic FROM thinkphp_comment comment LEFT JOIN thinkphp_user user ON comment.from_uid=user.id WHERE ( article_id=16 ) ORDER BY comment.time desc LIMIT 8   [ RunTime:0.0020s ]
SQL: SHOW COLUMNS FROM `thinkphp_article` [ RunTime:0.0142s ]
SQL: SELECT article.id AS id,article.title AS title,article.content AS content,article.author_id AS author_id,article.picture AS picture,article.desc AS articledesc,article.release_time AS release_time,user.username AS username,user.pic AS pic,user.sex AS sex,user.age AS age,user.desc AS userdesc,user.sign AS sign FROM thinkphp_article article LEFT JOIN thinkphp_user user ON article.author_id=user.id WHERE article.id = '16' LIMIT 1   [ RunTime:0.0069s ]
SQL: SHOW COLUMNS FROM `thinkphp_favorite` [ RunTime:0.0131s ]
SQL: SELECT COUNT(*) AS tp_count FROM `thinkphp_favorite` WHERE `Lid` = 1 LIMIT 1   [ RunTime:0.0016s ]
SQL: SELECT article.id AS id,article.title AS title,article.content AS content,article.author_id AS author_id,article.picture AS picture,article.desc AS articledesc,article.release_time AS release_time,user.username AS username,user.pic AS pic,user.sex AS sex,user.age AS age,user.desc AS userdesc,user.sign AS sign FROM thinkphp_article article LEFT JOIN thinkphp_user user ON article.author_id=user.id WHERE ( author_id=1 ) ORDER BY article.release_time desc LIMIT 10   [ RunTime:0.0202s ]
SQL: SHOW COLUMNS FROM `thinkphp_comment` [ RunTime:0.0134s ]
SQL: SELECT COUNT(*) AS tp_count FROM `thinkphp_comment` WHERE `article_id` = 16 LIMIT 1   [ RunTime:0.0014s ]
SQL: SELECT * FROM `thinkphp_comment` WHERE `article_id` = 16 ORDER BY time asc LIMIT 0,8   [ RunTime:0.0019s ]
INFO: [ view_parse ] --START--
INFO: [ template_filter ] --START--
INFO: Run Behavior\ContentReplaceBehavior [ RunTime:0.000320s ]
INFO: [ template_filter ] --END-- [ RunTime:0.000631s ]
INFO: Run Behavior\ParseTemplateBehavior [ RunTime:0.146340s ]
INFO: [ view_parse ] --END-- [ RunTime:0.146641s ]
INFO: [ view_filter ] --START--
INFO: Run Behavior\WriteHtmlCacheBehavior [ RunTime:0.001399s ]
INFO: [ view_filter ] --END-- [ RunTime:0.001699s ]
INFO: [ app_end ] --START--
INFO: Run Behavior\ShowPageTraceBehavior [ RunTime:0.001719s ]
INFO: [ app_end ] --END-- [ RunTime:0.001960s ]

[ 2017-05-07T10:10:54+08:00 ] ::1 /blog/index.php/Home/Public/Verify
INFO: [ app_init ] --START--
INFO: Run Behavior\BuildLiteBehavior [ RunTime:0.000025s ]
INFO: [ app_init ] --END-- [ RunTime:0.000486s ]
INFO: [ app_begin ] --START--
INFO: Run Behavior\ReadHtmlCacheBehavior [ RunTime:0.000540s ]
INFO: [ app_begin ] --END-- [ RunTime:0.000645s ]
INFO: [ app_end ] --START--
INFO: Run Behavior\ShowPageTraceBehavior [ RunTime:0.000668s ]
INFO: [ app_end ] --END-- [ RunTime:0.000788s ]

[ 2017-05-07T10:10:54+08:00 ] ::1 /blog/index.php/Home/Common/common
INFO: [ app_init ] --START--
INFO: Run Behavior\BuildLiteBehavior [ RunTime:0.000037s ]
INFO: [ app_init ] --END-- [ RunTime:0.000904s ]
INFO: [ app_begin ] --START--
INFO: Run Behavior\ReadHtmlCacheBehavior [ RunTime:0.000678s ]
INFO: [ app_begin ] --END-- [ RunTime:0.000798s ]

